<?xml version="1.0" encoding="UTF-8"?>
<coverage generated="1714484281496" clover="3.2.0">
  <project timestamp="1714484281496" name="All files">
    <metrics statements="300" coveredstatements="295" conditionals="115" coveredconditionals="108" methods="129" coveredmethods="128" elements="544" coveredelements="531" complexity="0" loc="300" ncloc="300" packages="5" files="15" classes="15"/>
    <package name="src">
      <metrics statements="36" coveredstatements="31" conditionals="10" coveredconditionals="8" methods="15" coveredmethods="14"/>
      <file name="App.tsx" path="/Users/ulyana/Desktop/projects/otus/swimmer-diary-ula/swimmer-diary/src/App.tsx">
        <metrics statements="2" coveredstatements="2" conditionals="0" coveredconditionals="0" methods="1" coveredmethods="1"/>
        <line num="13" count="1" type="stmt"/>
        <line num="16" count="1" type="stmt"/>
      </file>
      <file name="Layout.tsx" path="/Users/ulyana/Desktop/projects/otus/swimmer-diary-ula/swimmer-diary/src/Layout.tsx">
        <metrics statements="1" coveredstatements="1" conditionals="0" coveredconditionals="0" methods="1" coveredmethods="1"/>
        <line num="7" count="1" type="stmt"/>
      </file>
      <file name="notification.ts" path="/Users/ulyana/Desktop/projects/otus/swimmer-diary-ula/swimmer-diary/src/notification.ts">
        <metrics statements="2" coveredstatements="2" conditionals="0" coveredconditionals="0" methods="2" coveredmethods="2"/>
        <line num="4" count="3" type="stmt"/>
        <line num="12" count="1" type="stmt"/>
      </file>
      <file name="router.tsx" path="/Users/ulyana/Desktop/projects/otus/swimmer-diary-ula/swimmer-diary/src/router.tsx">
        <metrics statements="1" coveredstatements="1" conditionals="0" coveredconditionals="0" methods="0" coveredmethods="0"/>
        <line num="12" count="1" type="stmt"/>
      </file>
      <file name="store.ts" path="/Users/ulyana/Desktop/projects/otus/swimmer-diary-ula/swimmer-diary/src/store.ts">
        <metrics statements="14" coveredstatements="9" conditionals="2" coveredconditionals="1" methods="4" coveredmethods="3"/>
        <line num="5" count="7" type="stmt"/>
        <line num="8" count="14" type="stmt"/>
        <line num="22" count="7" type="stmt"/>
        <line num="27" count="7" type="stmt"/>
        <line num="28" count="7" type="cond" truecount="1" falsecount="1"/>
        <line num="29" count="0" type="stmt"/>
        <line num="30" count="0" type="stmt"/>
        <line num="31" count="0" type="stmt"/>
        <line num="33" count="0" type="stmt"/>
        <line num="36" count="7" type="stmt"/>
        <line num="47" count="43" type="stmt"/>
        <line num="48" count="43" type="stmt"/>
        <line num="52" count="43" type="stmt"/>
        <line num="54" count="0" type="stmt"/>
      </file>
      <file name="utils.ts" path="/Users/ulyana/Desktop/projects/otus/swimmer-diary-ula/swimmer-diary/src/utils.ts">
        <metrics statements="16" coveredstatements="16" conditionals="8" coveredconditionals="7" methods="7" coveredmethods="7"/>
        <line num="3" count="7" type="stmt"/>
        <line num="5" count="7" type="stmt"/>
        <line num="12" count="7" type="stmt"/>
        <line num="13" count="7" type="stmt"/>
        <line num="16" count="20" type="cond" truecount="2" falsecount="0"/>
        <line num="17" count="20" type="stmt"/>
        <line num="21" count="10" type="cond" truecount="2" falsecount="0"/>
        <line num="22" count="10" type="stmt"/>
        <line num="27" count="12" type="stmt"/>
        <line num="31" count="2" type="stmt"/>
        <line num="32" count="1" type="stmt"/>
        <line num="33" count="2" type="stmt"/>
        <line num="34" count="2" type="cond" truecount="1" falsecount="1"/>
        <line num="39" count="65" type="cond" truecount="2" falsecount="0"/>
        <line num="41" count="33" type="stmt"/>
        <line num="43" count="32" type="stmt"/>
      </file>
    </package>
    <package name="src.components">
      <metrics statements="12" coveredstatements="12" conditionals="4" coveredconditionals="4" methods="5" coveredmethods="5"/>
      <file name="Header.tsx" path="/Users/ulyana/Desktop/projects/otus/swimmer-diary-ula/swimmer-diary/src/components/Header.tsx">
        <metrics statements="12" coveredstatements="12" conditionals="4" coveredconditionals="4" methods="5" coveredmethods="5"/>
        <line num="9" count="2" type="stmt"/>
        <line num="10" count="2" type="stmt"/>
        <line num="11" count="2" type="stmt"/>
        <line num="13" count="2" type="stmt"/>
        <line num="14" count="2" type="cond" truecount="2" falsecount="0"/>
        <line num="17" count="2" type="stmt"/>
        <line num="26" count="2" type="stmt"/>
        <line num="27" count="2" type="stmt"/>
        <line num="44" count="2" type="stmt"/>
        <line num="45" count="2" type="stmt"/>
        <line num="46" count="2" type="stmt"/>
        <line num="50" count="6" type="cond" truecount="2" falsecount="0"/>
      </file>
    </package>
    <package name="src.pages">
      <metrics statements="200" coveredstatements="200" conditionals="73" coveredconditionals="68" methods="76" coveredmethods="76"/>
      <file name="MainPage.tsx" path="/Users/ulyana/Desktop/projects/otus/swimmer-diary-ula/swimmer-diary/src/pages/MainPage.tsx">
        <metrics statements="72" coveredstatements="72" conditionals="18" coveredconditionals="18" methods="25" coveredmethods="25"/>
        <line num="21" count="3" type="stmt"/>
        <line num="27" count="3" type="stmt"/>
        <line num="39" count="12" type="stmt"/>
        <line num="40" count="7" type="stmt"/>
        <line num="44" count="7" type="stmt"/>
        <line num="51" count="7" type="stmt"/>
        <line num="54" count="4" type="stmt"/>
        <line num="55" count="4" type="cond" truecount="2" falsecount="0"/>
        <line num="56" count="3" type="stmt"/>
        <line num="57" count="3" type="cond" truecount="2" falsecount="0"/>
        <line num="58" count="2" type="stmt"/>
        <line num="59" count="2" type="stmt"/>
        <line num="60" count="2" type="stmt"/>
        <line num="61" count="2" type="stmt"/>
        <line num="62" count="2" type="stmt"/>
        <line num="65" count="7" type="stmt"/>
        <line num="76" count="13" type="stmt"/>
        <line num="77" count="13" type="stmt"/>
        <line num="79" count="13" type="stmt"/>
        <line num="82" count="5" type="stmt"/>
        <line num="83" count="5" type="cond" truecount="4" falsecount="0"/>
        <line num="84" count="3" type="stmt"/>
        <line num="85" count="3" type="stmt"/>
        <line num="86" count="3" type="stmt"/>
        <line num="87" count="3" type="cond" truecount="2" falsecount="0"/>
        <line num="88" count="4" type="cond" truecount="4" falsecount="0"/>
        <line num="89" count="1" type="stmt"/>
        <line num="90" count="1" type="stmt"/>
        <line num="92" count="1" type="stmt"/>
        <line num="93" count="1" type="stmt"/>
        <line num="94" count="1" type="stmt"/>
        <line num="97" count="1" type="stmt"/>
        <line num="105" count="1" type="stmt"/>
        <line num="107" count="1" type="stmt"/>
        <line num="112" count="5" type="stmt"/>
        <line num="115" count="13" type="stmt"/>
        <line num="126" count="1" type="stmt"/>
        <line num="128" count="1" type="stmt"/>
        <line num="129" count="2" type="stmt"/>
        <line num="132" count="1" type="stmt"/>
        <line num="133" count="2" type="stmt"/>
        <line num="135" count="1" type="stmt"/>
        <line num="140" count="1" type="stmt"/>
        <line num="141" count="1" type="stmt"/>
        <line num="142" count="1" type="stmt"/>
        <line num="143" count="1" type="stmt"/>
        <line num="144" count="1" type="stmt"/>
        <line num="146" count="1" type="stmt"/>
        <line num="147" count="1" type="stmt"/>
        <line num="148" count="1" type="stmt"/>
        <line num="149" count="1" type="stmt"/>
        <line num="150" count="1" type="stmt"/>
        <line num="151" count="1" type="stmt"/>
        <line num="152" count="1" type="stmt"/>
        <line num="156" count="4" type="stmt"/>
        <line num="157" count="4" type="cond" truecount="2" falsecount="0"/>
        <line num="158" count="1" type="stmt"/>
        <line num="159" count="1" type="stmt"/>
        <line num="162" count="3" type="stmt"/>
        <line num="163" count="3" type="stmt"/>
        <line num="164" count="3" type="stmt"/>
        <line num="165" count="3" type="stmt"/>
        <line num="166" count="3" type="stmt"/>
        <line num="167" count="2" type="cond" truecount="2" falsecount="0"/>
        <line num="168" count="1" type="stmt"/>
        <line num="169" count="1" type="stmt"/>
        <line num="170" count="1" type="stmt"/>
        <line num="172" count="1" type="stmt"/>
        <line num="173" count="1" type="stmt"/>
        <line num="176" count="1" type="stmt"/>
        <line num="177" count="1" type="stmt"/>
        <line num="180" count="3" type="stmt"/>
      </file>
      <file name="NotesPage.tsx" path="/Users/ulyana/Desktop/projects/otus/swimmer-diary-ula/swimmer-diary/src/pages/NotesPage.tsx">
        <metrics statements="37" coveredstatements="37" conditionals="18" coveredconditionals="15" methods="17" coveredmethods="17"/>
        <line num="11" count="2" type="stmt"/>
        <line num="12" count="2" type="stmt"/>
        <line num="13" count="2" type="cond" truecount="2" falsecount="0"/>
        <line num="14" count="1" type="stmt"/>
        <line num="15" count="1" type="stmt"/>
        <line num="16" count="1" type="stmt"/>
        <line num="17" count="1" type="stmt"/>
        <line num="18" count="2" type="cond" truecount="4" falsecount="0"/>
        <line num="19" count="1" type="stmt"/>
        <line num="22" count="1" type="stmt"/>
        <line num="25" count="2" type="stmt"/>
        <line num="29" count="7" type="stmt"/>
        <line num="30" count="4" type="cond" truecount="2" falsecount="0"/>
        <line num="31" count="1" type="stmt"/>
        <line num="33" count="3" type="stmt"/>
        <line num="55" count="1" type="stmt"/>
        <line num="59" count="1" type="stmt"/>
        <line num="63" count="2" type="stmt"/>
        <line num="64" count="2" type="stmt"/>
        <line num="65" count="4" type="stmt"/>
        <line num="66" count="2" type="cond" truecount="1" falsecount="1"/>
        <line num="67" count="2" type="stmt"/>
        <line num="68" count="2" type="cond" truecount="2" falsecount="0"/>
        <line num="69" count="1" type="stmt"/>
        <line num="75" count="6" type="stmt"/>
        <line num="76" count="4" type="stmt"/>
        <line num="77" count="6" type="stmt"/>
        <line num="78" count="4" type="stmt"/>
        <line num="83" count="8" type="stmt"/>
        <line num="101" count="1" type="stmt"/>
        <line num="102" count="1" type="stmt"/>
        <line num="103" count="1" type="cond" truecount="1" falsecount="1"/>
        <line num="104" count="1" type="stmt"/>
        <line num="105" count="1" type="cond" truecount="1" falsecount="1"/>
        <line num="106" count="1" type="stmt"/>
        <line num="107" count="1" type="stmt"/>
        <line num="112" count="8" type="stmt"/>
      </file>
      <file name="ScheduleEditPage.tsx" path="/Users/ulyana/Desktop/projects/otus/swimmer-diary-ula/swimmer-diary/src/pages/ScheduleEditPage.tsx">
        <metrics statements="38" coveredstatements="38" conditionals="4" coveredconditionals="4" methods="16" coveredmethods="16"/>
        <line num="10" count="2" type="stmt"/>
        <line num="21" count="4" type="stmt"/>
        <line num="31" count="4" type="stmt"/>
        <line num="34" count="4" type="stmt"/>
        <line num="35" count="4" type="stmt"/>
        <line num="36" count="4" type="stmt"/>
        <line num="37" count="4" type="stmt"/>
        <line num="38" count="4" type="stmt"/>
        <line num="39" count="4" type="stmt"/>
        <line num="40" count="4" type="stmt"/>
        <line num="41" count="4" type="cond" truecount="2" falsecount="0"/>
        <line num="42" count="2" type="stmt"/>
        <line num="43" count="2" type="cond" truecount="2" falsecount="0"/>
        <line num="44" count="1" type="stmt"/>
        <line num="45" count="1" type="stmt"/>
        <line num="47" count="1" type="stmt"/>
        <line num="48" count="1" type="stmt"/>
        <line num="51" count="2" type="stmt"/>
        <line num="53" count="4" type="stmt"/>
        <line num="55" count="4" type="stmt"/>
        <line num="56" count="3" type="stmt"/>
        <line num="58" count="4" type="stmt"/>
        <line num="61" count="4" type="stmt"/>
        <line num="83" count="8" type="stmt"/>
        <line num="87" count="4" type="stmt"/>
        <line num="88" count="4" type="stmt"/>
        <line num="92" count="4" type="stmt"/>
        <line num="95" count="4" type="stmt"/>
        <line num="106" count="4" type="stmt"/>
        <line num="107" count="4" type="stmt"/>
        <line num="113" count="1" type="stmt"/>
        <line num="125" count="8" type="stmt"/>
        <line num="127" count="8" type="stmt"/>
        <line num="132" count="2" type="stmt"/>
        <line num="139" count="4" type="stmt"/>
        <line num="140" count="4" type="stmt"/>
        <line num="144" count="2" type="stmt"/>
        <line num="145" count="2" type="stmt"/>
      </file>
      <file name="SchedulePage.tsx" path="/Users/ulyana/Desktop/projects/otus/swimmer-diary-ula/swimmer-diary/src/pages/SchedulePage.tsx">
        <metrics statements="53" coveredstatements="53" conditionals="33" coveredconditionals="31" methods="18" coveredmethods="18"/>
        <line num="19" count="3" type="stmt"/>
        <line num="22" count="22" type="stmt"/>
        <line num="26" count="14" type="stmt"/>
        <line num="29" count="3" type="stmt"/>
        <line num="32" count="14" type="stmt"/>
        <line num="61" count="1" type="stmt"/>
        <line num="73" count="3" type="stmt"/>
        <line num="74" count="3" type="cond" truecount="4" falsecount="0"/>
        <line num="75" count="2" type="stmt"/>
        <line num="80" count="4" type="stmt"/>
        <line num="81" count="4" type="cond" truecount="4" falsecount="0"/>
        <line num="82" count="1" type="stmt"/>
        <line num="83" count="3" type="cond" truecount="2" falsecount="0"/>
        <line num="84" count="1" type="stmt"/>
        <line num="85" count="1" type="stmt"/>
        <line num="86" count="2" type="cond" truecount="2" falsecount="0"/>
        <line num="87" count="1" type="stmt"/>
        <line num="88" count="1" type="stmt"/>
        <line num="93" count="14" type="stmt"/>
        <line num="96" count="27" type="stmt"/>
        <line num="103" count="14" type="stmt"/>
        <line num="104" count="14" type="stmt"/>
        <line num="105" count="14" type="stmt"/>
        <line num="106" count="14" type="stmt"/>
        <line num="107" count="14" type="stmt"/>
        <line num="108" count="434" type="stmt"/>
        <line num="109" count="434" type="stmt"/>
        <line num="110" count="434" type="cond" truecount="2" falsecount="0"/>
        <line num="111" count="26" type="stmt"/>
        <line num="113" count="49" type="stmt"/>
        <line num="119" count="26" type="cond" truecount="2" falsecount="0"/>
        <line num="122" count="14" type="cond" truecount="5" falsecount="0"/>
        <line num="123" count="1" type="stmt"/>
        <line num="124" count="3" type="stmt"/>
        <line num="127" count="14" type="stmt"/>
        <line num="131" count="43" type="stmt"/>
        <line num="134" count="2" type="stmt"/>
        <line num="135" count="2" type="cond" truecount="1" falsecount="1"/>
        <line num="136" count="2" type="stmt"/>
        <line num="137" count="2" type="stmt"/>
        <line num="138" count="2" type="stmt"/>
        <line num="139" count="2" type="cond" truecount="1" falsecount="1"/>
        <line num="140" count="3" type="stmt"/>
        <line num="141" count="2" type="cond" truecount="2" falsecount="0"/>
        <line num="142" count="1" type="stmt"/>
        <line num="144" count="2" type="stmt"/>
        <line num="149" count="27" type="stmt"/>
        <line num="154" count="49" type="stmt"/>
        <line num="173" count="49" type="stmt"/>
        <line num="174" count="49" type="stmt"/>
        <line num="175" count="49" type="cond" truecount="2" falsecount="0"/>
        <line num="176" count="1" type="stmt"/>
        <line num="193" count="48" type="stmt"/>
      </file>
    </package>
    <package name="src.pages.workout">
      <metrics statements="23" coveredstatements="23" conditionals="18" coveredconditionals="18" methods="19" coveredmethods="19"/>
      <file name="WorkoutView.tsx" path="/Users/ulyana/Desktop/projects/otus/swimmer-diary-ula/swimmer-diary/src/pages/workout/WorkoutView.tsx">
        <metrics statements="10" coveredstatements="10" conditionals="16" coveredconditionals="16" methods="6" coveredmethods="6"/>
        <line num="11" count="6" type="stmt"/>
        <line num="12" count="9" type="stmt"/>
        <line num="13" count="6" type="cond" truecount="2" falsecount="0"/>
        <line num="14" count="5" type="stmt"/>
        <line num="16" count="1" type="stmt"/>
        <line num="41" count="2" type="stmt"/>
        <line num="58" count="6" type="stmt"/>
        <line num="62" count="2" type="stmt"/>
        <line num="73" count="2" type="stmt"/>
        <line num="74" count="2" type="cond" truecount="2" falsecount="0"/>
      </file>
      <file name="index.tsx" path="/Users/ulyana/Desktop/projects/otus/swimmer-diary-ula/swimmer-diary/src/pages/workout/index.tsx">
        <metrics statements="13" coveredstatements="13" conditionals="2" coveredconditionals="2" methods="13" coveredmethods="13"/>
        <line num="8" count="5" type="stmt"/>
        <line num="12" count="6" type="stmt"/>
        <line num="13" count="9" type="stmt"/>
        <line num="14" count="9" type="stmt"/>
        <line num="17" count="1" type="stmt"/>
        <line num="20" count="6" type="stmt"/>
        <line num="30" count="4" type="cond" truecount="2" falsecount="0"/>
        <line num="32" count="4" type="stmt"/>
        <line num="40" count="9" type="stmt"/>
        <line num="41" count="9" type="stmt"/>
        <line num="43" count="6" type="stmt"/>
        <line num="46" count="10" type="stmt"/>
        <line num="55" count="1" type="stmt"/>
      </file>
    </package>
    <package name="src.pages.workout-edit">
      <metrics statements="29" coveredstatements="29" conditionals="10" coveredconditionals="10" methods="14" coveredmethods="14"/>
      <file name="WorkoutEdit.tsx" path="/Users/ulyana/Desktop/projects/otus/swimmer-diary-ula/swimmer-diary/src/pages/workout-edit/WorkoutEdit.tsx">
        <metrics statements="27" coveredstatements="27" conditionals="8" coveredconditionals="8" methods="13" coveredmethods="13"/>
        <line num="12" count="3" type="stmt"/>
        <line num="26" count="5" type="stmt"/>
        <line num="27" count="5" type="stmt"/>
        <line num="28" count="8" type="stmt"/>
        <line num="30" count="5" type="cond" truecount="2" falsecount="0"/>
        <line num="31" count="5" type="stmt"/>
        <line num="40" count="2" type="stmt"/>
        <line num="41" count="2" type="stmt"/>
        <line num="42" count="2" type="cond" truecount="2" falsecount="0"/>
        <line num="43" count="1" type="stmt"/>
        <line num="44" count="1" type="stmt"/>
        <line num="46" count="1" type="stmt"/>
        <line num="48" count="2" type="stmt"/>
        <line num="49" count="2" type="stmt"/>
        <line num="53" count="3" type="stmt"/>
        <line num="57" count="1" type="stmt"/>
        <line num="70" count="1" type="stmt"/>
        <line num="71" count="1" type="stmt"/>
        <line num="72" count="1" type="stmt"/>
        <line num="76" count="1" type="stmt"/>
        <line num="79" count="5" type="cond" truecount="2" falsecount="0"/>
        <line num="81" count="5" type="stmt"/>
        <line num="94" count="6" type="stmt"/>
        <line num="135" count="5" type="stmt"/>
        <line num="136" count="5" type="stmt"/>
        <line num="143" count="25" type="stmt"/>
        <line num="144" count="25" type="stmt"/>
      </file>
      <file name="index.tsx" path="/Users/ulyana/Desktop/projects/otus/swimmer-diary-ula/swimmer-diary/src/pages/workout-edit/index.tsx">
        <metrics statements="2" coveredstatements="2" conditionals="2" coveredconditionals="2" methods="1" coveredmethods="1"/>
        <line num="5" count="4" type="stmt"/>
        <line num="6" count="4" type="cond" truecount="2" falsecount="0"/>
      </file>
    </package>
  </project>
</coverage>
