{"/Users/ulyana/Desktop/projects/otus/swimmer-diary-ula/swimmer-diary/src/App.tsx": {"path":"/Users/ulyana/Desktop/projects/otus/swimmer-diary-ula/swimmer-diary/src/App.tsx","statementMap":{"0":{"start":{"line":13,"column":14},"end":{"line":13,"column":29}},"1":{"start":{"line":16,"column":2},"end":{"line":25,"column":4}}},"fnMap":{"0":{"name":"App","decl":{"start":{"line":15,"column":9},"end":{"line":15,"column":12}},"loc":{"start":{"line":15,"column":15},"end":{"line":26,"column":1}},"line":15}},"branchMap":{},"s":{"0":1,"1":1},"f":{"0":1},"b":{},"_coverageSchema":"1a1c01bbd47fc00a2c39e90264f33305004495a9","hash":"0305ab7aa076d4352a6c83609507bfc17996ba95"}
,"/Users/ulyana/Desktop/projects/otus/swimmer-diary-ula/swimmer-diary/src/Layout.tsx": {"path":"/Users/ulyana/Desktop/projects/otus/swimmer-diary-ula/swimmer-diary/src/Layout.tsx","statementMap":{"0":{"start":{"line":7,"column":2},"end":{"line":25,"column":4}}},"fnMap":{"0":{"name":"Layout","decl":{"start":{"line":6,"column":24},"end":{"line":6,"column":30}},"loc":{"start":{"line":6,"column":33},"end":{"line":26,"column":1}},"line":6}},"branchMap":{},"s":{"0":1},"f":{"0":1},"b":{},"_coverageSchema":"1a1c01bbd47fc00a2c39e90264f33305004495a9","hash":"dbeaeee8174dc2a6f010416936a425d010c735da"}
,"/Users/ulyana/Desktop/projects/otus/swimmer-diary-ula/swimmer-diary/src/notification.ts": {"path":"/Users/ulyana/Desktop/projects/otus/swimmer-diary-ula/swimmer-diary/src/notification.ts","statementMap":{"0":{"start":{"line":4,"column":2},"end":{"line":8,"column":5}},"1":{"start":{"line":12,"column":2},"end":{"line":15,"column":5}}},"fnMap":{"0":{"name":"notificationError","decl":{"start":{"line":3,"column":16},"end":{"line":3,"column":33}},"loc":{"start":{"line":3,"column":51},"end":{"line":9,"column":1}},"line":3},"1":{"name":"notificationSuccess","decl":{"start":{"line":11,"column":16},"end":{"line":11,"column":35}},"loc":{"start":{"line":11,"column":53},"end":{"line":16,"column":1}},"line":11}},"branchMap":{},"s":{"0":3,"1":1},"f":{"0":3,"1":1},"b":{},"_coverageSchema":"1a1c01bbd47fc00a2c39e90264f33305004495a9","hash":"08fef477b9706580221f3c4f408ea77c4a0caf51"}
,"/Users/ulyana/Desktop/projects/otus/swimmer-diary-ula/swimmer-diary/src/router.tsx": {"path":"/Users/ulyana/Desktop/projects/otus/swimmer-diary-ula/swimmer-diary/src/router.tsx","statementMap":{"0":{"start":{"line":12,"column":15},"end":{"line":73,"column":1}}},"fnMap":{},"branchMap":{"0":{"loc":{"start":{"line":72,"column":14},"end":{"line":72,"column":51}},"type":"cond-expr","locations":[{"start":{"line":72,"column":28},"end":{"line":72,"column":31}},{"start":{"line":72,"column":34},"end":{"line":72,"column":51}}],"line":72}},"s":{"0":1},"f":{},"b":{"0":[1,0]},"_coverageSchema":"1a1c01bbd47fc00a2c39e90264f33305004495a9","hash":"d353890d7320037051c14c6de4051b2aca1e340e"}
,"/Users/ulyana/Desktop/projects/otus/swimmer-diary-ula/swimmer-diary/src/store.ts": {"path":"/Users/ulyana/Desktop/projects/otus/swimmer-diary-ula/swimmer-diary/src/store.ts","statementMap":{"0":{"start":{"line":5,"column":20},"end":{"line":5,"column":30}},"1":{"start":{"line":8,"column":2},"end":{"line":19,"column":4}},"2":{"start":{"line":22,"column":28},"end":{"line":57,"column":1}},"3":{"start":{"line":27,"column":20},"end":{"line":27,"column":46}},"4":{"start":{"line":28,"column":8},"end":{"line":37,"column":9}},"5":{"start":{"line":29,"column":10},"end":{"line":34,"column":11}},"6":{"start":{"line":30,"column":25},"end":{"line":30,"column":55}},"7":{"start":{"line":31,"column":12},"end":{"line":31,"column":87}},"8":{"start":{"line":33,"column":12},"end":{"line":33,"column":37}},"9":{"start":{"line":36,"column":10},"end":{"line":36,"column":35}},"10":{"start":{"line":47,"column":12},"end":{"line":47,"column":26}},"11":{"start":{"line":48,"column":20},"end":{"line":51,"column":10}},"12":{"start":{"line":52,"column":8},"end":{"line":52,"column":40}},"13":{"start":{"line":54,"column":28},"end":{"line":54,"column":57}}},"fnMap":{"0":{"name":"init","decl":{"start":{"line":7,"column":9},"end":{"line":7,"column":13}},"loc":{"start":{"line":7,"column":29},"end":{"line":20,"column":1}},"line":7},"1":{"name":"(anonymous_1)","decl":{"start":{"line":26,"column":6},"end":{"line":26,"column":7}},"loc":{"start":{"line":26,"column":20},"end":{"line":38,"column":7}},"line":26},"2":{"name":"(anonymous_2)","decl":{"start":{"line":39,"column":15},"end":{"line":39,"column":16}},"loc":{"start":{"line":39,"column":35},"end":{"line":53,"column":7}},"line":39},"3":{"name":"(anonymous_3)","decl":{"start":{"line":54,"column":18},"end":{"line":54,"column":19}},"loc":{"start":{"line":54,"column":28},"end":{"line":54,"column":57}},"line":54}},"branchMap":{"0":{"loc":{"start":{"line":28,"column":8},"end":{"line":37,"column":9}},"type":"if","locations":[{"start":{"line":28,"column":8},"end":{"line":37,"column":9}},{"start":{"line":35,"column":15},"end":{"line":37,"column":9}}],"line":28}},"s":{"0":7,"1":14,"2":7,"3":7,"4":7,"5":0,"6":0,"7":0,"8":0,"9":7,"10":44,"11":44,"12":44,"13":0},"f":{"0":14,"1":7,"2":44,"3":0},"b":{"0":[0,7]},"_coverageSchema":"1a1c01bbd47fc00a2c39e90264f33305004495a9","hash":"363ea193645c6b107b9d8fa2febfed3bfd196e06"}
,"/Users/ulyana/Desktop/projects/otus/swimmer-diary-ula/swimmer-diary/src/utils.ts": {"path":"/Users/ulyana/Desktop/projects/otus/swimmer-diary-ula/swimmer-diary/src/utils.ts","statementMap":{"0":{"start":{"line":3,"column":24},"end":{"line":3,"column":31}},"1":{"start":{"line":5,"column":30},"end":{"line":5,"column":31}},"2":{"start":{"line":12,"column":27},"end":{"line":12,"column":36}},"3":{"start":{"line":13,"column":28},"end":{"line":13,"column":38}},"4":{"start":{"line":16,"column":2},"end":{"line":16,"column":30}},"5":{"start":{"line":16,"column":12},"end":{"line":16,"column":30}},"6":{"start":{"line":17,"column":2},"end":{"line":17,"column":34}},"7":{"start":{"line":21,"column":2},"end":{"line":21,"column":30}},"8":{"start":{"line":21,"column":12},"end":{"line":21,"column":30}},"9":{"start":{"line":22,"column":2},"end":{"line":22,"column":35}},"10":{"start":{"line":27,"column":2},"end":{"line":27,"column":37}},"11":{"start":{"line":31,"column":14},"end":{"line":31,"column":49}},"12":{"start":{"line":31,"column":38},"end":{"line":31,"column":47}},"13":{"start":{"line":32,"column":2},"end":{"line":35,"column":21}},"14":{"start":{"line":33,"column":14},"end":{"line":33,"column":24}},"15":{"start":{"line":34,"column":4},"end":{"line":34,"column":35}},"16":{"start":{"line":39,"column":2},"end":{"line":44,"column":3}},"17":{"start":{"line":41,"column":6},"end":{"line":41,"column":20}},"18":{"start":{"line":43,"column":6},"end":{"line":43,"column":21}}},"fnMap":{"0":{"name":"gotoWorkout","decl":{"start":{"line":15,"column":16},"end":{"line":15,"column":27}},"loc":{"start":{"line":15,"column":42},"end":{"line":18,"column":1}},"line":15},"1":{"name":"gotoSchedule","decl":{"start":{"line":20,"column":16},"end":{"line":20,"column":28}},"loc":{"start":{"line":20,"column":43},"end":{"line":23,"column":1}},"line":20},"2":{"name":"getHandle","decl":{"start":{"line":26,"column":16},"end":{"line":26,"column":25}},"loc":{"start":{"line":26,"column":38},"end":{"line":28,"column":1}},"line":26},"3":{"name":"tagsIdToString","decl":{"start":{"line":30,"column":16},"end":{"line":30,"column":30}},"loc":{"start":{"line":30,"column":80},"end":{"line":36,"column":1}},"line":30},"4":{"name":"(anonymous_4)","decl":{"start":{"line":31,"column":31},"end":{"line":31,"column":32}},"loc":{"start":{"line":31,"column":38},"end":{"line":31,"column":47}},"line":31},"5":{"name":"(anonymous_5)","decl":{"start":{"line":32,"column":25},"end":{"line":32,"column":26}},"loc":{"start":{"line":32,"column":35},"end":{"line":35,"column":3}},"line":32},"6":{"name":"getDayTimeLabel","decl":{"start":{"line":38,"column":16},"end":{"line":38,"column":31}},"loc":{"start":{"line":38,"column":44},"end":{"line":45,"column":1}},"line":38}},"branchMap":{"0":{"loc":{"start":{"line":16,"column":2},"end":{"line":16,"column":30}},"type":"if","locations":[{"start":{"line":16,"column":2},"end":{"line":16,"column":30}},{"start":{},"end":{}}],"line":16},"1":{"loc":{"start":{"line":21,"column":2},"end":{"line":21,"column":30}},"type":"if","locations":[{"start":{"line":21,"column":2},"end":{"line":21,"column":30}},{"start":{},"end":{}}],"line":21},"2":{"loc":{"start":{"line":34,"column":11},"end":{"line":34,"column":34}},"type":"cond-expr","locations":[{"start":{"line":34,"column":15},"end":{"line":34,"column":30}},{"start":{"line":34,"column":33},"end":{"line":34,"column":34}}],"line":34},"3":{"loc":{"start":{"line":39,"column":2},"end":{"line":44,"column":3}},"type":"switch","locations":[{"start":{"line":40,"column":4},"end":{"line":41,"column":20}},{"start":{"line":42,"column":4},"end":{"line":43,"column":21}}],"line":39}},"s":{"0":7,"1":7,"2":7,"3":7,"4":20,"5":12,"6":20,"7":10,"8":5,"9":10,"10":12,"11":1,"12":2,"13":1,"14":2,"15":2,"16":59,"17":30,"18":29},"f":{"0":20,"1":10,"2":12,"3":1,"4":2,"5":2,"6":59},"b":{"0":[12,8],"1":[5,5],"2":[2,0],"3":[30,29]},"_coverageSchema":"1a1c01bbd47fc00a2c39e90264f33305004495a9","hash":"fc5baa424aa8e4b760111ecc89a11971aad90915"}
,"/Users/ulyana/Desktop/projects/otus/swimmer-diary-ula/swimmer-diary/src/components/Header.tsx": {"path":"/Users/ulyana/Desktop/projects/otus/swimmer-diary-ula/swimmer-diary/src/components/Header.tsx","statementMap":{"0":{"start":{"line":9,"column":14},"end":{"line":9,"column":26}},"1":{"start":{"line":10,"column":23},"end":{"line":10,"column":59}},"2":{"start":{"line":11,"column":20},"end":{"line":11,"column":66}},"3":{"start":{"line":13,"column":2},"end":{"line":15,"column":32}},"4":{"start":{"line":14,"column":4},"end":{"line":14,"column":98}},"5":{"start":{"line":17,"column":2},"end":{"line":22,"column":4}},"6":{"start":{"line":26,"column":16},"end":{"line":26,"column":45}},"7":{"start":{"line":27,"column":2},"end":{"line":40,"column":4}},"8":{"start":{"line":44,"column":14},"end":{"line":44,"column":26}},"9":{"start":{"line":45,"column":20},"end":{"line":45,"column":29}},"10":{"start":{"line":46,"column":2},"end":{"line":56,"column":4}},"11":{"start":{"line":50,"column":10},"end":{"line":52,"column":15}}},"fnMap":{"0":{"name":"Header","decl":{"start":{"line":8,"column":24},"end":{"line":8,"column":30}},"loc":{"start":{"line":8,"column":33},"end":{"line":23,"column":1}},"line":8},"1":{"name":"(anonymous_1)","decl":{"start":{"line":13,"column":12},"end":{"line":13,"column":13}},"loc":{"start":{"line":13,"column":18},"end":{"line":15,"column":3}},"line":13},"2":{"name":"MainLink","decl":{"start":{"line":25,"column":9},"end":{"line":25,"column":17}},"loc":{"start":{"line":25,"column":20},"end":{"line":41,"column":1}},"line":25},"3":{"name":"PagesLinks","decl":{"start":{"line":43,"column":9},"end":{"line":43,"column":19}},"loc":{"start":{"line":43,"column":22},"end":{"line":57,"column":1}},"line":43},"4":{"name":"(anonymous_4)","decl":{"start":{"line":49,"column":49},"end":{"line":49,"column":50}},"loc":{"start":{"line":50,"column":10},"end":{"line":52,"column":15}},"line":50}},"branchMap":{"0":{"loc":{"start":{"line":14,"column":21},"end":{"line":14,"column":97}},"type":"cond-expr","locations":[{"start":{"line":14,"column":50},"end":{"line":14,"column":62}},{"start":{"line":14,"column":65},"end":{"line":14,"column":97}}],"line":14},"1":{"loc":{"start":{"line":50,"column":42},"end":{"line":50,"column":90}},"type":"cond-expr","locations":[{"start":{"line":50,"column":67},"end":{"line":50,"column":81}},{"start":{"line":50,"column":84},"end":{"line":50,"column":90}}],"line":50}},"s":{"0":2,"1":2,"2":2,"3":2,"4":2,"5":2,"6":2,"7":2,"8":2,"9":2,"10":2,"11":6},"f":{"0":2,"1":2,"2":2,"3":2,"4":6},"b":{"0":[1,1],"1":[1,5]},"_coverageSchema":"1a1c01bbd47fc00a2c39e90264f33305004495a9","hash":"c03932de850cd4ec9bc77ad9f822a0417aaf850c"}
,"/Users/ulyana/Desktop/projects/otus/swimmer-diary-ula/swimmer-diary/src/pages/MainPage.tsx": {"path":"/Users/ulyana/Desktop/projects/otus/swimmer-diary-ula/swimmer-diary/src/pages/MainPage.tsx","statementMap":{"0":{"start":{"line":21,"column":2},"end":{"line":35,"column":4}},"1":{"start":{"line":27,"column":24},"end":{"line":27,"column":70}},"2":{"start":{"line":39,"column":15},"end":{"line":39,"column":47}},"3":{"start":{"line":39,"column":42},"end":{"line":39,"column":46}},"4":{"start":{"line":40,"column":2},"end":{"line":47,"column":4}},"5":{"start":{"line":44,"column":8},"end":{"line":44,"column":38}},"6":{"start":{"line":51,"column":14},"end":{"line":51,"column":44}},"7":{"start":{"line":54,"column":18},"end":{"line":54,"column":43}},"8":{"start":{"line":55,"column":4},"end":{"line":55,"column":23}},"9":{"start":{"line":55,"column":16},"end":{"line":55,"column":23}},"10":{"start":{"line":56,"column":21},"end":{"line":56,"column":44}},"11":{"start":{"line":57,"column":4},"end":{"line":57,"column":52}},"12":{"start":{"line":57,"column":25},"end":{"line":57,"column":42}},"13":{"start":{"line":57,"column":45},"end":{"line":57,"column":52}},"14":{"start":{"line":58,"column":19},"end":{"line":58,"column":74}},"15":{"start":{"line":58,"column":63},"end":{"line":58,"column":67}},"16":{"start":{"line":59,"column":4},"end":{"line":59,"column":44}},"17":{"start":{"line":60,"column":4},"end":{"line":60,"column":56}},"18":{"start":{"line":60,"column":24},"end":{"line":60,"column":54}},"19":{"start":{"line":61,"column":4},"end":{"line":61,"column":47}},"20":{"start":{"line":62,"column":4},"end":{"line":62,"column":28}},"21":{"start":{"line":65,"column":2},"end":{"line":72,"column":4}},"22":{"start":{"line":76,"column":17},"end":{"line":76,"column":28}},"23":{"start":{"line":77,"column":26},"end":{"line":77,"column":41}},"24":{"start":{"line":79,"column":14},"end":{"line":79,"column":44}},"25":{"start":{"line":82,"column":20},"end":{"line":82,"column":25}},"26":{"start":{"line":83,"column":4},"end":{"line":111,"column":5}},"27":{"start":{"line":84,"column":20},"end":{"line":84,"column":44}},"28":{"start":{"line":85,"column":23},"end":{"line":85,"column":46}},"29":{"start":{"line":86,"column":18},"end":{"line":86,"column":56}},"30":{"start":{"line":86,"column":40},"end":{"line":86,"column":55}},"31":{"start":{"line":87,"column":6},"end":{"line":110,"column":7}},"32":{"start":{"line":88,"column":8},"end":{"line":95,"column":9}},"33":{"start":{"line":88,"column":29},"end":{"line":88,"column":65}},"34":{"start":{"line":89,"column":10},"end":{"line":89,"column":27}},"35":{"start":{"line":90,"column":10},"end":{"line":90,"column":60}},"36":{"start":{"line":92,"column":10},"end":{"line":92,"column":34}},"37":{"start":{"line":93,"column":10},"end":{"line":93,"column":62}},"38":{"start":{"line":93,"column":30},"end":{"line":93,"column":60}},"39":{"start":{"line":94,"column":10},"end":{"line":94,"column":53}},"40":{"start":{"line":97,"column":8},"end":{"line":109,"column":11}},"41":{"start":{"line":105,"column":27},"end":{"line":105,"column":50}},"42":{"start":{"line":107,"column":12},"end":{"line":107,"column":26}},"43":{"start":{"line":112,"column":4},"end":{"line":112,"column":23}},"44":{"start":{"line":115,"column":2},"end":{"line":122,"column":4}},"45":{"start":{"line":126,"column":46},"end":{"line":126,"column":69}},"46":{"start":{"line":128,"column":2},"end":{"line":130,"column":3}},"47":{"start":{"line":129,"column":4},"end":{"line":129,"column":48}},"48":{"start":{"line":129,"column":38},"end":{"line":129,"column":46}},"49":{"start":{"line":132,"column":2},"end":{"line":136,"column":5}},"50":{"start":{"line":133,"column":29},"end":{"line":133,"column":40}},"51":{"start":{"line":135,"column":55},"end":{"line":135,"column":63}},"52":{"start":{"line":140,"column":29},"end":{"line":140,"column":52}},"53":{"start":{"line":141,"column":26},"end":{"line":141,"column":69}},"54":{"start":{"line":142,"column":15},"end":{"line":142,"column":35}},"55":{"start":{"line":143,"column":15},"end":{"line":143,"column":61}},"56":{"start":{"line":144,"column":24},"end":{"line":144,"column":49}},"57":{"start":{"line":146,"column":15},"end":{"line":146,"column":88}},"58":{"start":{"line":147,"column":19},"end":{"line":147,"column":47}},"59":{"start":{"line":148,"column":17},"end":{"line":148,"column":44}},"60":{"start":{"line":149,"column":2},"end":{"line":149,"column":30}},"61":{"start":{"line":150,"column":2},"end":{"line":150,"column":29}},"62":{"start":{"line":151,"column":2},"end":{"line":151,"column":17}},"63":{"start":{"line":152,"column":2},"end":{"line":152,"column":37}},"64":{"start":{"line":156,"column":2},"end":{"line":181,"column":5}},"65":{"start":{"line":157,"column":4},"end":{"line":160,"column":5}},"66":{"start":{"line":158,"column":6},"end":{"line":158,"column":21}},"67":{"start":{"line":159,"column":6},"end":{"line":159,"column":13}},"68":{"start":{"line":162,"column":19},"end":{"line":162,"column":35}},"69":{"start":{"line":163,"column":4},"end":{"line":179,"column":7}},"70":{"start":{"line":164,"column":19},"end":{"line":164,"column":45}},"71":{"start":{"line":165,"column":6},"end":{"line":178,"column":7}},"72":{"start":{"line":166,"column":21},"end":{"line":166,"column":50}},"73":{"start":{"line":167,"column":8},"end":{"line":174,"column":9}},"74":{"start":{"line":168,"column":10},"end":{"line":168,"column":78}},"75":{"start":{"line":169,"column":10},"end":{"line":169,"column":55}},"76":{"start":{"line":170,"column":10},"end":{"line":170,"column":24}},"77":{"start":{"line":172,"column":10},"end":{"line":172,"column":70}},"78":{"start":{"line":173,"column":10},"end":{"line":173,"column":25}},"79":{"start":{"line":176,"column":8},"end":{"line":176,"column":53}},"80":{"start":{"line":177,"column":8},"end":{"line":177,"column":23}},"81":{"start":{"line":180,"column":4},"end":{"line":180,"column":28}}},"fnMap":{"0":{"name":"MainPage","decl":{"start":{"line":20,"column":24},"end":{"line":20,"column":32}},"loc":{"start":{"line":20,"column":35},"end":{"line":36,"column":1}},"line":20},"1":{"name":"(anonymous_1)","decl":{"start":{"line":27,"column":13},"end":{"line":27,"column":14}},"loc":{"start":{"line":27,"column":24},"end":{"line":27,"column":70}},"line":27},"2":{"name":"ViewTags","decl":{"start":{"line":38,"column":9},"end":{"line":38,"column":17}},"loc":{"start":{"line":38,"column":20},"end":{"line":48,"column":1}},"line":38},"3":{"name":"(anonymous_3)","decl":{"start":{"line":39,"column":28},"end":{"line":39,"column":29}},"loc":{"start":{"line":39,"column":42},"end":{"line":39,"column":46}},"line":39},"4":{"name":"(anonymous_4)","decl":{"start":{"line":43,"column":16},"end":{"line":43,"column":17}},"loc":{"start":{"line":44,"column":8},"end":{"line":44,"column":38}},"line":44},"5":{"name":"AddTag","decl":{"start":{"line":50,"column":9},"end":{"line":50,"column":15}},"loc":{"start":{"line":50,"column":18},"end":{"line":73,"column":1}},"line":50},"6":{"name":"handleAdd","decl":{"start":{"line":53,"column":11},"end":{"line":53,"column":20}},"loc":{"start":{"line":53,"column":23},"end":{"line":63,"column":3}},"line":53},"7":{"name":"(anonymous_7)","decl":{"start":{"line":57,"column":18},"end":{"line":57,"column":19}},"loc":{"start":{"line":57,"column":25},"end":{"line":57,"column":42}},"line":57},"8":{"name":"(anonymous_8)","decl":{"start":{"line":58,"column":56},"end":{"line":58,"column":57}},"loc":{"start":{"line":58,"column":63},"end":{"line":58,"column":67}},"line":58},"9":{"name":"(anonymous_9)","decl":{"start":{"line":60,"column":14},"end":{"line":60,"column":15}},"loc":{"start":{"line":60,"column":24},"end":{"line":60,"column":54}},"line":60},"10":{"name":"TagEdit","decl":{"start":{"line":75,"column":9},"end":{"line":75,"column":16}},"loc":{"start":{"line":75,"column":46},"end":{"line":123,"column":1}},"line":75},"11":{"name":"handleEdit","decl":{"start":{"line":81,"column":11},"end":{"line":81,"column":21}},"loc":{"start":{"line":81,"column":24},"end":{"line":113,"column":3}},"line":81},"12":{"name":"(anonymous_12)","decl":{"start":{"line":86,"column":33},"end":{"line":86,"column":34}},"loc":{"start":{"line":86,"column":40},"end":{"line":86,"column":55}},"line":86},"13":{"name":"(anonymous_13)","decl":{"start":{"line":88,"column":22},"end":{"line":88,"column":23}},"loc":{"start":{"line":88,"column":29},"end":{"line":88,"column":65}},"line":88},"14":{"name":"(anonymous_14)","decl":{"start":{"line":93,"column":20},"end":{"line":93,"column":21}},"loc":{"start":{"line":93,"column":30},"end":{"line":93,"column":60}},"line":93},"15":{"name":"(anonymous_15)","decl":{"start":{"line":105,"column":21},"end":{"line":105,"column":22}},"loc":{"start":{"line":105,"column":27},"end":{"line":105,"column":50}},"line":105},"16":{"name":"(anonymous_16)","decl":{"start":{"line":106,"column":20},"end":{"line":106,"column":21}},"loc":{"start":{"line":106,"column":26},"end":{"line":108,"column":11}},"line":106},"17":{"name":"handleTagRemove","decl":{"start":{"line":125,"column":9},"end":{"line":125,"column":24}},"loc":{"start":{"line":125,"column":37},"end":{"line":137,"column":1}},"line":125},"18":{"name":"(anonymous_18)","decl":{"start":{"line":129,"column":31},"end":{"line":129,"column":32}},"loc":{"start":{"line":129,"column":38},"end":{"line":129,"column":46}},"line":129},"19":{"name":"(anonymous_19)","decl":{"start":{"line":133,"column":22},"end":{"line":133,"column":23}},"loc":{"start":{"line":133,"column":29},"end":{"line":133,"column":40}},"line":133},"20":{"name":"(anonymous_20)","decl":{"start":{"line":135,"column":48},"end":{"line":135,"column":49}},"loc":{"start":{"line":135,"column":55},"end":{"line":135,"column":63}},"line":135},"21":{"name":"handleSave","decl":{"start":{"line":139,"column":9},"end":{"line":139,"column":19}},"loc":{"start":{"line":139,"column":22},"end":{"line":153,"column":1}},"line":139},"22":{"name":"handleLoad","decl":{"start":{"line":155,"column":22},"end":{"line":155,"column":32}},"loc":{"start":{"line":155,"column":52},"end":{"line":182,"column":1}},"line":155},"23":{"name":"(anonymous_23)","decl":{"start":{"line":156,"column":30},"end":{"line":156,"column":31}},"loc":{"start":{"line":156,"column":43},"end":{"line":181,"column":3}},"line":156},"24":{"name":"(anonymous_24)","decl":{"start":{"line":163,"column":36},"end":{"line":163,"column":37}},"loc":{"start":{"line":163,"column":49},"end":{"line":179,"column":5}},"line":163}},"branchMap":{"0":{"loc":{"start":{"line":55,"column":4},"end":{"line":55,"column":23}},"type":"if","locations":[{"start":{"line":55,"column":4},"end":{"line":55,"column":23}},{"start":{},"end":{}}],"line":55},"1":{"loc":{"start":{"line":57,"column":4},"end":{"line":57,"column":52}},"type":"if","locations":[{"start":{"line":57,"column":4},"end":{"line":57,"column":52}},{"start":{},"end":{}}],"line":57},"2":{"loc":{"start":{"line":83,"column":4},"end":{"line":111,"column":5}},"type":"if","locations":[{"start":{"line":83,"column":4},"end":{"line":111,"column":5}},{"start":{},"end":{}}],"line":83},"3":{"loc":{"start":{"line":83,"column":8},"end":{"line":83,"column":27}},"type":"binary-expr","locations":[{"start":{"line":83,"column":8},"end":{"line":83,"column":12}},{"start":{"line":83,"column":16},"end":{"line":83,"column":27}}],"line":83},"4":{"loc":{"start":{"line":87,"column":6},"end":{"line":110,"column":7}},"type":"if","locations":[{"start":{"line":87,"column":6},"end":{"line":110,"column":7}},{"start":{"line":96,"column":13},"end":{"line":110,"column":7}}],"line":87},"5":{"loc":{"start":{"line":88,"column":8},"end":{"line":95,"column":9}},"type":"if","locations":[{"start":{"line":88,"column":8},"end":{"line":95,"column":9}},{"start":{"line":91,"column":15},"end":{"line":95,"column":9}}],"line":88},"6":{"loc":{"start":{"line":88,"column":29},"end":{"line":88,"column":65}},"type":"binary-expr","locations":[{"start":{"line":88,"column":29},"end":{"line":88,"column":46}},{"start":{"line":88,"column":50},"end":{"line":88,"column":65}}],"line":88},"7":{"loc":{"start":{"line":157,"column":4},"end":{"line":160,"column":5}},"type":"if","locations":[{"start":{"line":157,"column":4},"end":{"line":160,"column":5}},{"start":{},"end":{}}],"line":157},"8":{"loc":{"start":{"line":167,"column":8},"end":{"line":174,"column":9}},"type":"if","locations":[{"start":{"line":167,"column":8},"end":{"line":174,"column":9}},{"start":{"line":171,"column":15},"end":{"line":174,"column":9}}],"line":167}},"s":{"0":3,"1":3,"2":7,"3":12,"4":7,"5":7,"6":7,"7":4,"8":4,"9":1,"10":3,"11":3,"12":2,"13":1,"14":2,"15":1,"16":2,"17":2,"18":1,"19":2,"20":2,"21":7,"22":13,"23":13,"24":13,"25":5,"26":5,"27":3,"28":3,"29":3,"30":3,"31":3,"32":2,"33":4,"34":1,"35":1,"36":1,"37":1,"38":1,"39":1,"40":1,"41":1,"42":1,"43":5,"44":13,"45":1,"46":1,"47":1,"48":2,"49":1,"50":2,"51":1,"52":1,"53":1,"54":1,"55":1,"56":1,"57":1,"58":1,"59":1,"60":1,"61":1,"62":1,"63":1,"64":4,"65":4,"66":1,"67":1,"68":3,"69":3,"70":3,"71":3,"72":3,"73":2,"74":1,"75":1,"76":1,"77":1,"78":1,"79":1,"80":1,"81":3},"f":{"0":3,"1":3,"2":7,"3":12,"4":7,"5":7,"6":4,"7":2,"8":1,"9":1,"10":13,"11":5,"12":3,"13":4,"14":1,"15":1,"16":1,"17":1,"18":2,"19":2,"20":1,"21":1,"22":4,"23":4,"24":3},"b":{"0":[1,3],"1":[1,2],"2":[3,2],"3":[5,3],"4":[2,1],"5":[1,1],"6":[4,2],"7":[1,3],"8":[1,1]},"_coverageSchema":"1a1c01bbd47fc00a2c39e90264f33305004495a9","hash":"42e91623924b71f23480a0b3cc70ae72b9373a10"}
,"/Users/ulyana/Desktop/projects/otus/swimmer-diary-ula/swimmer-diary/src/pages/NotesPage.tsx": {"path":"/Users/ulyana/Desktop/projects/otus/swimmer-diary-ula/swimmer-diary/src/pages/NotesPage.tsx","statementMap":{"0":{"start":{"line":11,"column":2},"end":{"line":24,"column":9}},"1":{"start":{"line":12,"column":37},"end":{"line":12,"column":60}},"2":{"start":{"line":13,"column":4},"end":{"line":23,"column":5}},"3":{"start":{"line":14,"column":25},"end":{"line":14,"column":27}},"4":{"start":{"line":15,"column":22},"end":{"line":15,"column":54}},"5":{"start":{"line":16,"column":25},"end":{"line":16,"column":46}},"6":{"start":{"line":17,"column":6},"end":{"line":21,"column":7}},"7":{"start":{"line":18,"column":8},"end":{"line":20,"column":9}},"8":{"start":{"line":19,"column":10},"end":{"line":19,"column":34}},"9":{"start":{"line":22,"column":6},"end":{"line":22,"column":58}},"10":{"start":{"line":25,"column":2},"end":{"line":25,"column":23}},"11":{"start":{"line":29,"column":21},"end":{"line":29,"column":65}},"12":{"start":{"line":29,"column":54},"end":{"line":29,"column":64}},"13":{"start":{"line":30,"column":2},"end":{"line":32,"column":3}},"14":{"start":{"line":31,"column":4},"end":{"line":31,"column":16}},"15":{"start":{"line":33,"column":2},"end":{"line":51,"column":4}},"16":{"start":{"line":55,"column":2},"end":{"line":55,"column":20}},"17":{"start":{"line":59,"column":2},"end":{"line":59,"column":19}},"18":{"start":{"line":63,"column":35},"end":{"line":63,"column":58}},"19":{"start":{"line":64,"column":15},"end":{"line":64,"column":37}},"20":{"start":{"line":65,"column":14},"end":{"line":65,"column":57}},"21":{"start":{"line":65,"column":30},"end":{"line":65,"column":36}},"22":{"start":{"line":66,"column":2},"end":{"line":71,"column":3}},"23":{"start":{"line":67,"column":20},"end":{"line":67,"column":37}},"24":{"start":{"line":68,"column":4},"end":{"line":70,"column":5}},"25":{"start":{"line":69,"column":6},"end":{"line":69,"column":58}},"26":{"start":{"line":75,"column":19},"end":{"line":75,"column":59}},"27":{"start":{"line":75,"column":50},"end":{"line":75,"column":58}},"28":{"start":{"line":76,"column":17},"end":{"line":76,"column":89}},"29":{"start":{"line":76,"column":31},"end":{"line":76,"column":76}},"30":{"start":{"line":76,"column":59},"end":{"line":76,"column":74}},"31":{"start":{"line":77,"column":18},"end":{"line":77,"column":86}},"32":{"start":{"line":77,"column":61},"end":{"line":77,"column":85}},"33":{"start":{"line":78,"column":2},"end":{"line":88,"column":4}},"34":{"start":{"line":83,"column":12},"end":{"line":83,"column":85}},"35":{"start":{"line":101,"column":25},"end":{"line":101,"column":48}},"36":{"start":{"line":102,"column":16},"end":{"line":102,"column":34}},"37":{"start":{"line":103,"column":4},"end":{"line":109,"column":5}},"38":{"start":{"line":104,"column":23},"end":{"line":104,"column":69}},"39":{"start":{"line":104,"column":48},"end":{"line":104,"column":68}},"40":{"start":{"line":105,"column":6},"end":{"line":108,"column":7}},"41":{"start":{"line":106,"column":8},"end":{"line":106,"column":49}},"42":{"start":{"line":107,"column":8},"end":{"line":107,"column":97}},"43":{"start":{"line":112,"column":2},"end":{"line":117,"column":4}}},"fnMap":{"0":{"name":"NotesPage","decl":{"start":{"line":10,"column":24},"end":{"line":10,"column":33}},"loc":{"start":{"line":10,"column":36},"end":{"line":26,"column":1}},"line":10},"1":{"name":"(anonymous_1)","decl":{"start":{"line":11,"column":12},"end":{"line":11,"column":13}},"loc":{"start":{"line":11,"column":18},"end":{"line":24,"column":3}},"line":11},"2":{"name":"ViewNotes","decl":{"start":{"line":28,"column":9},"end":{"line":28,"column":18}},"loc":{"start":{"line":28,"column":21},"end":{"line":52,"column":1}},"line":28},"3":{"name":"(anonymous_3)","decl":{"start":{"line":29,"column":34},"end":{"line":29,"column":35}},"loc":{"start":{"line":29,"column":54},"end":{"line":29,"column":64}},"line":29},"4":{"name":"handlePrev","decl":{"start":{"line":54,"column":9},"end":{"line":54,"column":19}},"loc":{"start":{"line":54,"column":22},"end":{"line":56,"column":1}},"line":54},"5":{"name":"handleNext","decl":{"start":{"line":58,"column":9},"end":{"line":58,"column":19}},"loc":{"start":{"line":58,"column":22},"end":{"line":60,"column":1}},"line":58},"6":{"name":"setNoticeDate","decl":{"start":{"line":62,"column":9},"end":{"line":62,"column":22}},"loc":{"start":{"line":62,"column":38},"end":{"line":72,"column":1}},"line":62},"7":{"name":"(anonymous_7)","decl":{"start":{"line":65,"column":23},"end":{"line":65,"column":24}},"loc":{"start":{"line":65,"column":30},"end":{"line":65,"column":36}},"line":65},"8":{"name":"ViewComments","decl":{"start":{"line":74,"column":9},"end":{"line":74,"column":21}},"loc":{"start":{"line":74,"column":24},"end":{"line":89,"column":1}},"line":74},"9":{"name":"(anonymous_9)","decl":{"start":{"line":75,"column":32},"end":{"line":75,"column":33}},"loc":{"start":{"line":75,"column":50},"end":{"line":75,"column":58}},"line":75},"10":{"name":"(anonymous_10)","decl":{"start":{"line":76,"column":25},"end":{"line":76,"column":26}},"loc":{"start":{"line":76,"column":31},"end":{"line":76,"column":76}},"line":76},"11":{"name":"(anonymous_11)","decl":{"start":{"line":76,"column":52},"end":{"line":76,"column":53}},"loc":{"start":{"line":76,"column":59},"end":{"line":76,"column":74}},"line":76},"12":{"name":"(anonymous_12)","decl":{"start":{"line":77,"column":31},"end":{"line":77,"column":32}},"loc":{"start":{"line":77,"column":61},"end":{"line":77,"column":85}},"line":77},"13":{"name":"(anonymous_13)","decl":{"start":{"line":82,"column":32},"end":{"line":82,"column":33}},"loc":{"start":{"line":83,"column":12},"end":{"line":83,"column":85}},"line":83},"14":{"name":"ViewComment","decl":{"start":{"line":91,"column":9},"end":{"line":91,"column":20}},"loc":{"start":{"line":99,"column":3},"end":{"line":118,"column":1}},"line":99},"15":{"name":"handleComment","decl":{"start":{"line":100,"column":11},"end":{"line":100,"column":24}},"loc":{"start":{"line":100,"column":67},"end":{"line":110,"column":3}},"line":100},"16":{"name":"(anonymous_16)","decl":{"start":{"line":104,"column":41},"end":{"line":104,"column":42}},"loc":{"start":{"line":104,"column":48},"end":{"line":104,"column":68}},"line":104}},"branchMap":{"0":{"loc":{"start":{"line":13,"column":4},"end":{"line":23,"column":5}},"type":"if","locations":[{"start":{"line":13,"column":4},"end":{"line":23,"column":5}},{"start":{},"end":{}}],"line":13},"1":{"loc":{"start":{"line":18,"column":8},"end":{"line":20,"column":9}},"type":"if","locations":[{"start":{"line":18,"column":8},"end":{"line":20,"column":9}},{"start":{},"end":{}}],"line":18},"2":{"loc":{"start":{"line":18,"column":12},"end":{"line":18,"column":95}},"type":"binary-expr","locations":[{"start":{"line":18,"column":12},"end":{"line":18,"column":55}},{"start":{"line":18,"column":59},"end":{"line":18,"column":95}}],"line":18},"3":{"loc":{"start":{"line":30,"column":2},"end":{"line":32,"column":3}},"type":"if","locations":[{"start":{"line":30,"column":2},"end":{"line":32,"column":3}},{"start":{},"end":{}}],"line":30},"4":{"loc":{"start":{"line":66,"column":2},"end":{"line":71,"column":3}},"type":"if","locations":[{"start":{"line":66,"column":2},"end":{"line":71,"column":3}},{"start":{},"end":{}}],"line":66},"5":{"loc":{"start":{"line":68,"column":4},"end":{"line":70,"column":5}},"type":"if","locations":[{"start":{"line":68,"column":4},"end":{"line":70,"column":5}},{"start":{},"end":{}}],"line":68},"6":{"loc":{"start":{"line":80,"column":7},"end":{"line":86,"column":7}},"type":"binary-expr","locations":[{"start":{"line":80,"column":7},"end":{"line":80,"column":14}},{"start":{"line":81,"column":8},"end":{"line":85,"column":16}}],"line":80},"7":{"loc":{"start":{"line":103,"column":4},"end":{"line":109,"column":5}},"type":"if","locations":[{"start":{"line":103,"column":4},"end":{"line":109,"column":5}},{"start":{},"end":{}}],"line":103},"8":{"loc":{"start":{"line":105,"column":6},"end":{"line":108,"column":7}},"type":"if","locations":[{"start":{"line":105,"column":6},"end":{"line":108,"column":7}},{"start":{},"end":{}}],"line":105}},"s":{"0":2,"1":2,"2":2,"3":1,"4":1,"5":1,"6":1,"7":2,"8":1,"9":1,"10":2,"11":5,"12":9,"13":5,"14":1,"15":4,"16":2,"17":2,"18":4,"19":4,"20":4,"21":8,"22":4,"23":4,"24":4,"25":2,"26":5,"27":8,"28":5,"29":2,"30":2,"31":5,"32":8,"33":5,"34":10,"35":1,"36":1,"37":1,"38":1,"39":1,"40":1,"41":1,"42":1,"43":10},"f":{"0":2,"1":2,"2":5,"3":9,"4":2,"5":2,"6":4,"7":8,"8":5,"9":8,"10":2,"11":2,"12":8,"13":10,"14":10,"15":1,"16":1},"b":{"0":[1,1],"1":[1,1],"2":[2,1],"3":[1,4],"4":[4,0],"5":[2,2],"6":[5,5],"7":[1,0],"8":[1,0]},"_coverageSchema":"1a1c01bbd47fc00a2c39e90264f33305004495a9","hash":"3b30aaff89c229161f27c72e44173ce1739618c2"}
,"/Users/ulyana/Desktop/projects/otus/swimmer-diary-ula/swimmer-diary/src/pages/ScheduleEditPage.tsx": {"path":"/Users/ulyana/Desktop/projects/otus/swimmer-diary-ula/swimmer-diary/src/pages/ScheduleEditPage.tsx","statementMap":{"0":{"start":{"line":10,"column":15},"end":{"line":16,"column":2}},"1":{"start":{"line":21,"column":15},"end":{"line":30,"column":4}},"2":{"start":{"line":31,"column":19},"end":{"line":31,"column":32}},"3":{"start":{"line":34,"column":35},"end":{"line":34,"column":58}},"4":{"start":{"line":35,"column":22},"end":{"line":35,"column":68}},"5":{"start":{"line":35,"column":43},"end":{"line":35,"column":67}},"6":{"start":{"line":36,"column":20},"end":{"line":36,"column":32}},"7":{"start":{"line":37,"column":22},"end":{"line":37,"column":46}},"8":{"start":{"line":38,"column":4},"end":{"line":54,"column":5}},"9":{"start":{"line":38,"column":17},"end":{"line":38,"column":18}},"10":{"start":{"line":39,"column":19},"end":{"line":39,"column":50}},"11":{"start":{"line":40,"column":25},"end":{"line":40,"column":43}},"12":{"start":{"line":41,"column":6},"end":{"line":52,"column":7}},"13":{"start":{"line":42,"column":28},"end":{"line":42,"column":84}},"14":{"start":{"line":42,"column":67},"end":{"line":42,"column":83}},"15":{"start":{"line":43,"column":8},"end":{"line":49,"column":9}},"16":{"start":{"line":44,"column":10},"end":{"line":44,"column":48}},"17":{"start":{"line":45,"column":10},"end":{"line":45,"column":37}},"18":{"start":{"line":47,"column":10},"end":{"line":47,"column":80}},"19":{"start":{"line":48,"column":10},"end":{"line":48,"column":62}},"20":{"start":{"line":48,"column":45},"end":{"line":48,"column":60}},"21":{"start":{"line":51,"column":8},"end":{"line":51,"column":94}},"22":{"start":{"line":53,"column":6},"end":{"line":53,"column":59}},"23":{"start":{"line":55,"column":4},"end":{"line":57,"column":7}},"24":{"start":{"line":56,"column":63},"end":{"line":56,"column":87}},"25":{"start":{"line":58,"column":4},"end":{"line":58,"column":31}},"26":{"start":{"line":61,"column":2},"end":{"line":74,"column":4}},"27":{"start":{"line":83,"column":19},"end":{"line":83,"column":59}},"28":{"start":{"line":83,"column":50},"end":{"line":83,"column":58}},"29":{"start":{"line":87,"column":6},"end":{"line":87,"column":32}},"30":{"start":{"line":88,"column":2},"end":{"line":98,"column":4}},"31":{"start":{"line":92,"column":32},"end":{"line":92,"column":39}},"32":{"start":{"line":95,"column":27},"end":{"line":95,"column":89}},"33":{"start":{"line":106,"column":6},"end":{"line":106,"column":32}},"34":{"start":{"line":107,"column":2},"end":{"line":117,"column":4}},"35":{"start":{"line":113,"column":27},"end":{"line":113,"column":89}},"36":{"start":{"line":125,"column":6},"end":{"line":125,"column":32}},"37":{"start":{"line":127,"column":2},"end":{"line":135,"column":4}},"38":{"start":{"line":132,"column":27},"end":{"line":132,"column":89}},"39":{"start":{"line":139,"column":34},"end":{"line":139,"column":60}},"40":{"start":{"line":140,"column":2},"end":{"line":156,"column":4}},"41":{"start":{"line":144,"column":22},"end":{"line":144,"column":48}},"42":{"start":{"line":145,"column":8},"end":{"line":145,"column":71}}},"fnMap":{"0":{"name":"ScheduleEditPage","decl":{"start":{"line":20,"column":24},"end":{"line":20,"column":40}},"loc":{"start":{"line":20,"column":43},"end":{"line":75,"column":1}},"line":20},"1":{"name":"onSubmit","decl":{"start":{"line":33,"column":11},"end":{"line":33,"column":19}},"loc":{"start":{"line":33,"column":36},"end":{"line":59,"column":3}},"line":33},"2":{"name":"(anonymous_2)","decl":{"start":{"line":35,"column":36},"end":{"line":35,"column":37}},"loc":{"start":{"line":35,"column":43},"end":{"line":35,"column":67}},"line":35},"3":{"name":"(anonymous_3)","decl":{"start":{"line":42,"column":53},"end":{"line":42,"column":54}},"loc":{"start":{"line":42,"column":67},"end":{"line":42,"column":83}},"line":42},"4":{"name":"(anonymous_4)","decl":{"start":{"line":48,"column":35},"end":{"line":48,"column":36}},"loc":{"start":{"line":48,"column":45},"end":{"line":48,"column":60}},"line":48},"5":{"name":"(anonymous_5)","decl":{"start":{"line":56,"column":53},"end":{"line":56,"column":54}},"loc":{"start":{"line":56,"column":63},"end":{"line":56,"column":87}},"line":56},"6":{"name":"SelectWorkout","decl":{"start":{"line":82,"column":9},"end":{"line":82,"column":22}},"loc":{"start":{"line":82,"column":33},"end":{"line":99,"column":1}},"line":82},"7":{"name":"(anonymous_7)","decl":{"start":{"line":83,"column":32},"end":{"line":83,"column":33}},"loc":{"start":{"line":83,"column":50},"end":{"line":83,"column":58}},"line":83},"8":{"name":"(anonymous_8)","decl":{"start":{"line":92,"column":25},"end":{"line":92,"column":26}},"loc":{"start":{"line":92,"column":32},"end":{"line":92,"column":39}},"line":92},"9":{"name":"(anonymous_9)","decl":{"start":{"line":95,"column":16},"end":{"line":95,"column":17}},"loc":{"start":{"line":95,"column":27},"end":{"line":95,"column":89}},"line":95},"10":{"name":"StartFrom","decl":{"start":{"line":101,"column":9},"end":{"line":101,"column":18}},"loc":{"start":{"line":101,"column":29},"end":{"line":118,"column":1}},"line":101},"11":{"name":"(anonymous_11)","decl":{"start":{"line":113,"column":16},"end":{"line":113,"column":17}},"loc":{"start":{"line":113,"column":27},"end":{"line":113,"column":89}},"line":113},"12":{"name":"FieldNumber","decl":{"start":{"line":120,"column":9},"end":{"line":120,"column":20}},"loc":{"start":{"line":120,"column":31},"end":{"line":136,"column":1}},"line":120},"13":{"name":"(anonymous_13)","decl":{"start":{"line":132,"column":16},"end":{"line":132,"column":17}},"loc":{"start":{"line":132,"column":27},"end":{"line":132,"column":89}},"line":132},"14":{"name":"SelectDayTime","decl":{"start":{"line":138,"column":9},"end":{"line":138,"column":22}},"loc":{"start":{"line":138,"column":33},"end":{"line":157,"column":1}},"line":138},"15":{"name":"(anonymous_15)","decl":{"start":{"line":143,"column":16},"end":{"line":143,"column":17}},"loc":{"start":{"line":143,"column":30},"end":{"line":146,"column":7}},"line":143}},"branchMap":{"0":{"loc":{"start":{"line":41,"column":6},"end":{"line":52,"column":7}},"type":"if","locations":[{"start":{"line":41,"column":6},"end":{"line":52,"column":7}},{"start":{"line":50,"column":13},"end":{"line":52,"column":7}}],"line":41},"1":{"loc":{"start":{"line":43,"column":8},"end":{"line":49,"column":9}},"type":"if","locations":[{"start":{"line":43,"column":8},"end":{"line":49,"column":9}},{"start":{"line":46,"column":15},"end":{"line":49,"column":9}}],"line":43}},"s":{"0":2,"1":4,"2":4,"3":4,"4":4,"5":4,"6":4,"7":4,"8":4,"9":4,"10":4,"11":4,"12":4,"13":2,"14":2,"15":2,"16":1,"17":1,"18":1,"19":1,"20":1,"21":2,"22":4,"23":4,"24":3,"25":4,"26":4,"27":4,"28":8,"29":4,"30":4,"31":4,"32":4,"33":4,"34":4,"35":1,"36":8,"37":8,"38":2,"39":4,"40":4,"41":2,"42":2},"f":{"0":4,"1":4,"2":4,"3":2,"4":1,"5":3,"6":4,"7":8,"8":4,"9":4,"10":4,"11":1,"12":8,"13":2,"14":4,"15":2},"b":{"0":[2,2],"1":[1,1]},"_coverageSchema":"1a1c01bbd47fc00a2c39e90264f33305004495a9","hash":"686a45f329f289404175438b158aa914b59f35e0"}
,"/Users/ulyana/Desktop/projects/otus/swimmer-diary-ula/swimmer-diary/src/pages/SchedulePage.tsx": {"path":"/Users/ulyana/Desktop/projects/otus/swimmer-diary-ula/swimmer-diary/src/pages/SchedulePage.tsx","statementMap":{"0":{"start":{"line":19,"column":20},"end":{"line":19,"column":52}},"1":{"start":{"line":22,"column":42},"end":{"line":25,"column":5}},"2":{"start":{"line":22,"column":93},"end":{"line":25,"column":3}},"3":{"start":{"line":26,"column":19},"end":{"line":26,"column":32}},"4":{"start":{"line":29,"column":4},"end":{"line":29,"column":34}},"5":{"start":{"line":32,"column":2},"end":{"line":69,"column":4}},"6":{"start":{"line":61,"column":16},"end":{"line":61,"column":86}},"7":{"start":{"line":73,"column":14},"end":{"line":73,"column":30}},"8":{"start":{"line":74,"column":2},"end":{"line":76,"column":3}},"9":{"start":{"line":75,"column":4},"end":{"line":75,"column":49}},"10":{"start":{"line":80,"column":14},"end":{"line":80,"column":30}},"11":{"start":{"line":81,"column":2},"end":{"line":89,"column":3}},"12":{"start":{"line":82,"column":4},"end":{"line":82,"column":50}},"13":{"start":{"line":83,"column":9},"end":{"line":89,"column":3}},"14":{"start":{"line":84,"column":29},"end":{"line":84,"column":52}},"15":{"start":{"line":85,"column":4},"end":{"line":85,"column":81}},"16":{"start":{"line":86,"column":9},"end":{"line":89,"column":3}},"17":{"start":{"line":87,"column":29},"end":{"line":87,"column":52}},"18":{"start":{"line":88,"column":4},"end":{"line":88,"column":80}},"19":{"start":{"line":93,"column":2},"end":{"line":99,"column":4}},"20":{"start":{"line":96,"column":8},"end":{"line":96,"column":40}},"21":{"start":{"line":103,"column":62},"end":{"line":103,"column":85}},"22":{"start":{"line":104,"column":17},"end":{"line":104,"column":62}},"23":{"start":{"line":104,"column":45},"end":{"line":104,"column":60}},"24":{"start":{"line":105,"column":19},"end":{"line":105,"column":38}},"25":{"start":{"line":106,"column":17},"end":{"line":106,"column":22}},"26":{"start":{"line":107,"column":2},"end":{"line":121,"column":3}},"27":{"start":{"line":107,"column":17},"end":{"line":107,"column":18}},"28":{"start":{"line":108,"column":20},"end":{"line":108,"column":97}},"29":{"start":{"line":109,"column":20},"end":{"line":109,"column":41}},"30":{"start":{"line":110,"column":4},"end":{"line":120,"column":5}},"31":{"start":{"line":111,"column":6},"end":{"line":118,"column":9}},"32":{"start":{"line":113,"column":47},"end":{"line":117,"column":9}},"33":{"start":{"line":119,"column":6},"end":{"line":119,"column":56}},"34":{"start":{"line":119,"column":40},"end":{"line":119,"column":56}},"35":{"start":{"line":122,"column":2},"end":{"line":125,"column":3}},"36":{"start":{"line":123,"column":4},"end":{"line":123,"column":55}},"37":{"start":{"line":124,"column":4},"end":{"line":124,"column":58}},"38":{"start":{"line":124,"column":28},"end":{"line":124,"column":56}},"39":{"start":{"line":127,"column":2},"end":{"line":127,"column":18}},"40":{"start":{"line":131,"column":25},"end":{"line":131,"column":77}},"41":{"start":{"line":131,"column":62},"end":{"line":131,"column":76}},"42":{"start":{"line":134,"column":20},"end":{"line":134,"column":71}},"43":{"start":{"line":135,"column":4},"end":{"line":146,"column":5}},"44":{"start":{"line":136,"column":19},"end":{"line":136,"column":27}},"45":{"start":{"line":137,"column":27},"end":{"line":137,"column":50}},"46":{"start":{"line":138,"column":22},"end":{"line":138,"column":44}},"47":{"start":{"line":139,"column":6},"end":{"line":145,"column":7}},"48":{"start":{"line":140,"column":8},"end":{"line":140,"column":75}},"49":{"start":{"line":140,"column":58},"end":{"line":140,"column":73}},"50":{"start":{"line":141,"column":8},"end":{"line":143,"column":9}},"51":{"start":{"line":142,"column":10},"end":{"line":142,"column":36}},"52":{"start":{"line":144,"column":8},"end":{"line":144,"column":63}},"53":{"start":{"line":149,"column":2},"end":{"line":169,"column":4}},"54":{"start":{"line":154,"column":10},"end":{"line":165,"column":18}},"55":{"start":{"line":173,"column":36},"end":{"line":173,"column":56}},"56":{"start":{"line":174,"column":15},"end":{"line":174,"column":60}},"57":{"start":{"line":175,"column":2},"end":{"line":194,"column":3}},"58":{"start":{"line":176,"column":4},"end":{"line":191,"column":6}},"59":{"start":{"line":193,"column":4},"end":{"line":193,"column":38}}},"fnMap":{"0":{"name":"SchedulePage","decl":{"start":{"line":21,"column":24},"end":{"line":21,"column":36}},"loc":{"start":{"line":21,"column":39},"end":{"line":70,"column":1}},"line":21},"1":{"name":"(anonymous_1)","decl":{"start":{"line":22,"column":55},"end":{"line":22,"column":56}},"loc":{"start":{"line":22,"column":93},"end":{"line":25,"column":3}},"line":22},"2":{"name":"handleAdd","decl":{"start":{"line":28,"column":11},"end":{"line":28,"column":20}},"loc":{"start":{"line":28,"column":23},"end":{"line":30,"column":3}},"line":28},"3":{"name":"(anonymous_3)","decl":{"start":{"line":60,"column":24},"end":{"line":60,"column":25}},"loc":{"start":{"line":61,"column":16},"end":{"line":61,"column":86}},"line":61},"4":{"name":"handleYear","decl":{"start":{"line":72,"column":9},"end":{"line":72,"column":19}},"loc":{"start":{"line":72,"column":45},"end":{"line":77,"column":1}},"line":72},"5":{"name":"handleMonth","decl":{"start":{"line":79,"column":9},"end":{"line":79,"column":20}},"loc":{"start":{"line":79,"column":46},"end":{"line":90,"column":1}},"line":79},"6":{"name":"ViewTable","decl":{"start":{"line":92,"column":9},"end":{"line":92,"column":18}},"loc":{"start":{"line":92,"column":21},"end":{"line":100,"column":1}},"line":92},"7":{"name":"(anonymous_7)","decl":{"start":{"line":95,"column":25},"end":{"line":95,"column":26}},"loc":{"start":{"line":96,"column":8},"end":{"line":96,"column":40}},"line":96},"8":{"name":"getFiltered","decl":{"start":{"line":102,"column":9},"end":{"line":102,"column":20}},"loc":{"start":{"line":102,"column":23},"end":{"line":128,"column":1}},"line":102},"9":{"name":"(anonymous_9)","decl":{"start":{"line":104,"column":38},"end":{"line":104,"column":39}},"loc":{"start":{"line":104,"column":45},"end":{"line":104,"column":60}},"line":104},"10":{"name":"(anonymous_10)","decl":{"start":{"line":113,"column":39},"end":{"line":113,"column":40}},"loc":{"start":{"line":113,"column":47},"end":{"line":117,"column":9}},"line":113},"11":{"name":"(anonymous_11)","decl":{"start":{"line":124,"column":18},"end":{"line":124,"column":19}},"loc":{"start":{"line":124,"column":28},"end":{"line":124,"column":56}},"line":124},"12":{"name":"ViewDay","decl":{"start":{"line":130,"column":9},"end":{"line":130,"column":16}},"loc":{"start":{"line":130,"column":48},"end":{"line":170,"column":1}},"line":130},"13":{"name":"(anonymous_13)","decl":{"start":{"line":131,"column":38},"end":{"line":131,"column":39}},"loc":{"start":{"line":131,"column":62},"end":{"line":131,"column":76}},"line":131},"14":{"name":"handleERemove","decl":{"start":{"line":133,"column":11},"end":{"line":133,"column":24}},"loc":{"start":{"line":133,"column":65},"end":{"line":147,"column":3}},"line":133},"15":{"name":"(anonymous_15)","decl":{"start":{"line":140,"column":51},"end":{"line":140,"column":52}},"loc":{"start":{"line":140,"column":58},"end":{"line":140,"column":73}},"line":140},"16":{"name":"(anonymous_16)","decl":{"start":{"line":153,"column":26},"end":{"line":153,"column":27}},"loc":{"start":{"line":154,"column":10},"end":{"line":165,"column":18}},"line":154},"17":{"name":"ViewWorkout","decl":{"start":{"line":172,"column":9},"end":{"line":172,"column":20}},"loc":{"start":{"line":172,"column":58},"end":{"line":195,"column":1}},"line":172}},"branchMap":{"0":{"loc":{"start":{"line":74,"column":2},"end":{"line":76,"column":3}},"type":"if","locations":[{"start":{"line":74,"column":2},"end":{"line":76,"column":3}},{"start":{},"end":{}}],"line":74},"1":{"loc":{"start":{"line":74,"column":6},"end":{"line":74,"column":30}},"type":"binary-expr","locations":[{"start":{"line":74,"column":6},"end":{"line":74,"column":16}},{"start":{"line":74,"column":20},"end":{"line":74,"column":30}}],"line":74},"2":{"loc":{"start":{"line":81,"column":2},"end":{"line":89,"column":3}},"type":"if","locations":[{"start":{"line":81,"column":2},"end":{"line":89,"column":3}},{"start":{"line":83,"column":9},"end":{"line":89,"column":3}}],"line":81},"3":{"loc":{"start":{"line":81,"column":6},"end":{"line":81,"column":25}},"type":"binary-expr","locations":[{"start":{"line":81,"column":6},"end":{"line":81,"column":13}},{"start":{"line":81,"column":17},"end":{"line":81,"column":25}}],"line":81},"4":{"loc":{"start":{"line":83,"column":9},"end":{"line":89,"column":3}},"type":"if","locations":[{"start":{"line":83,"column":9},"end":{"line":89,"column":3}},{"start":{"line":86,"column":9},"end":{"line":89,"column":3}}],"line":83},"5":{"loc":{"start":{"line":86,"column":9},"end":{"line":89,"column":3}},"type":"if","locations":[{"start":{"line":86,"column":9},"end":{"line":89,"column":3}},{"start":{},"end":{}}],"line":86},"6":{"loc":{"start":{"line":110,"column":4},"end":{"line":120,"column":5}},"type":"if","locations":[{"start":{"line":110,"column":4},"end":{"line":120,"column":5}},{"start":{},"end":{}}],"line":110},"7":{"loc":{"start":{"line":119,"column":6},"end":{"line":119,"column":56}},"type":"if","locations":[{"start":{"line":119,"column":6},"end":{"line":119,"column":56}},{"start":{},"end":{}}],"line":119},"8":{"loc":{"start":{"line":122,"column":2},"end":{"line":125,"column":3}},"type":"if","locations":[{"start":{"line":122,"column":2},"end":{"line":125,"column":3}},{"start":{},"end":{}}],"line":122},"9":{"loc":{"start":{"line":122,"column":6},"end":{"line":122,"column":94}},"type":"binary-expr","locations":[{"start":{"line":122,"column":6},"end":{"line":122,"column":15}},{"start":{"line":122,"column":19},"end":{"line":122,"column":34}},{"start":{"line":122,"column":38},"end":{"line":122,"column":94}}],"line":122},"10":{"loc":{"start":{"line":135,"column":4},"end":{"line":146,"column":5}},"type":"if","locations":[{"start":{"line":135,"column":4},"end":{"line":146,"column":5}},{"start":{},"end":{}}],"line":135},"11":{"loc":{"start":{"line":139,"column":6},"end":{"line":145,"column":7}},"type":"if","locations":[{"start":{"line":139,"column":6},"end":{"line":145,"column":7}},{"start":{},"end":{}}],"line":139},"12":{"loc":{"start":{"line":141,"column":8},"end":{"line":143,"column":9}},"type":"if","locations":[{"start":{"line":141,"column":8},"end":{"line":143,"column":9}},{"start":{},"end":{}}],"line":141},"13":{"loc":{"start":{"line":150,"column":15},"end":{"line":150,"column":59}},"type":"cond-expr","locations":[{"start":{"line":150,"column":42},"end":{"line":150,"column":50}},{"start":{"line":150,"column":53},"end":{"line":150,"column":59}}],"line":150},"14":{"loc":{"start":{"line":155,"column":13},"end":{"line":163,"column":20}},"type":"cond-expr","locations":[{"start":{"line":156,"column":14},"end":{"line":162,"column":27}},{"start":{"line":163,"column":16},"end":{"line":163,"column":20}}],"line":155},"15":{"loc":{"start":{"line":175,"column":2},"end":{"line":194,"column":3}},"type":"if","locations":[{"start":{"line":175,"column":2},"end":{"line":194,"column":3}},{"start":{"line":192,"column":9},"end":{"line":194,"column":3}}],"line":175}},"s":{"0":3,"1":14,"2":22,"3":14,"4":3,"5":14,"6":1,"7":3,"8":3,"9":2,"10":4,"11":4,"12":1,"13":3,"14":1,"15":1,"16":2,"17":1,"18":1,"19":14,"20":23,"21":14,"22":14,"23":14,"24":14,"25":14,"26":14,"27":14,"28":434,"29":434,"30":434,"31":22,"32":41,"33":22,"34":8,"35":14,"36":1,"37":1,"38":3,"39":14,"40":23,"41":36,"42":2,"43":2,"44":2,"45":2,"46":2,"47":2,"48":2,"49":3,"50":2,"51":1,"52":2,"53":23,"54":41,"55":41,"56":41,"57":41,"58":1,"59":40},"f":{"0":14,"1":22,"2":3,"3":1,"4":3,"5":4,"6":14,"7":23,"8":14,"9":14,"10":41,"11":3,"12":23,"13":36,"14":2,"15":3,"16":41,"17":41},"b":{"0":[2,1],"1":[3,2],"2":[1,3],"3":[4,2],"4":[1,2],"5":[1,1],"6":[22,412],"7":[8,14],"8":[1,13],"9":[14,6,1],"10":[2,0],"11":[2,0],"12":[1,1],"13":[9,14],"14":[21,20],"15":[1,40]},"_coverageSchema":"1a1c01bbd47fc00a2c39e90264f33305004495a9","hash":"f06a26ffb7897d4dab16c58b1540d897592a3d69"}
,"/Users/ulyana/Desktop/projects/otus/swimmer-diary-ula/swimmer-diary/src/pages/workout/WorkoutView.tsx": {"path":"/Users/ulyana/Desktop/projects/otus/swimmer-diary-ula/swimmer-diary/src/pages/workout/WorkoutView.tsx","statementMap":{"0":{"start":{"line":11,"column":19},"end":{"line":11,"column":42}},"1":{"start":{"line":12,"column":24},"end":{"line":12,"column":74}},"2":{"start":{"line":12,"column":60},"end":{"line":12,"column":73}},"3":{"start":{"line":13,"column":2},"end":{"line":15,"column":3}},"4":{"start":{"line":14,"column":4},"end":{"line":14,"column":66}},"5":{"start":{"line":16,"column":2},"end":{"line":54,"column":4}},"6":{"start":{"line":41,"column":14},"end":{"line":43,"column":21}},"7":{"start":{"line":58,"column":2},"end":{"line":69,"column":4}},"8":{"start":{"line":62,"column":23},"end":{"line":62,"column":42}},"9":{"start":{"line":73,"column":18},"end":{"line":73,"column":55}},"10":{"start":{"line":74,"column":2},"end":{"line":74,"column":69}}},"fnMap":{"0":{"name":"WorkoutView","decl":{"start":{"line":10,"column":24},"end":{"line":10,"column":35}},"loc":{"start":{"line":10,"column":71},"end":{"line":55,"column":1}},"line":10},"1":{"name":"(anonymous_1)","decl":{"start":{"line":12,"column":37},"end":{"line":12,"column":38}},"loc":{"start":{"line":12,"column":60},"end":{"line":12,"column":73}},"line":12},"2":{"name":"(anonymous_2)","decl":{"start":{"line":40,"column":49},"end":{"line":40,"column":50}},"loc":{"start":{"line":41,"column":14},"end":{"line":43,"column":21}},"line":41},"3":{"name":"WorkoutTitle","decl":{"start":{"line":57,"column":9},"end":{"line":57,"column":21}},"loc":{"start":{"line":57,"column":87},"end":{"line":70,"column":1}},"line":57},"4":{"name":"(anonymous_4)","decl":{"start":{"line":62,"column":17},"end":{"line":62,"column":18}},"loc":{"start":{"line":62,"column":23},"end":{"line":62,"column":42}},"line":62},"5":{"name":"handleOpen","decl":{"start":{"line":72,"column":9},"end":{"line":72,"column":19}},"loc":{"start":{"line":72,"column":32},"end":{"line":75,"column":1}},"line":72}},"branchMap":{"0":{"loc":{"start":{"line":13,"column":2},"end":{"line":15,"column":3}},"type":"if","locations":[{"start":{"line":13,"column":2},"end":{"line":15,"column":3}},{"start":{},"end":{}}],"line":13},"1":{"loc":{"start":{"line":20,"column":9},"end":{"line":24,"column":9}},"type":"binary-expr","locations":[{"start":{"line":20,"column":9},"end":{"line":20,"column":21}},{"start":{"line":21,"column":10},"end":{"line":23,"column":16}}],"line":20},"2":{"loc":{"start":{"line":28,"column":9},"end":{"line":32,"column":9}},"type":"binary-expr","locations":[{"start":{"line":28,"column":9},"end":{"line":28,"column":19}},{"start":{"line":29,"column":10},"end":{"line":31,"column":16}}],"line":28},"3":{"loc":{"start":{"line":33,"column":9},"end":{"line":37,"column":9}},"type":"binary-expr","locations":[{"start":{"line":33,"column":9},"end":{"line":33,"column":20}},{"start":{"line":34,"column":10},"end":{"line":36,"column":16}}],"line":33},"4":{"loc":{"start":{"line":38,"column":9},"end":{"line":46,"column":9}},"type":"binary-expr","locations":[{"start":{"line":38,"column":9},"end":{"line":38,"column":27}},{"start":{"line":39,"column":10},"end":{"line":45,"column":13}}],"line":38},"5":{"loc":{"start":{"line":47,"column":9},"end":{"line":51,"column":9}},"type":"binary-expr","locations":[{"start":{"line":47,"column":9},"end":{"line":47,"column":23}},{"start":{"line":48,"column":10},"end":{"line":50,"column":16}}],"line":47},"6":{"loc":{"start":{"line":61,"column":45},"end":{"line":61,"column":83}},"type":"binary-expr","locations":[{"start":{"line":61,"column":45},"end":{"line":61,"column":66}},{"start":{"line":61,"column":70},"end":{"line":61,"column":83}}],"line":61},"7":{"loc":{"start":{"line":74,"column":41},"end":{"line":74,"column":65}},"type":"cond-expr","locations":[{"start":{"line":74,"column":58},"end":{"line":74,"column":60}},{"start":{"line":74,"column":63},"end":{"line":74,"column":65}}],"line":74}},"s":{"0":6,"1":6,"2":9,"3":6,"4":5,"5":1,"6":2,"7":6,"8":2,"9":2,"10":2},"f":{"0":6,"1":9,"2":2,"3":6,"4":2,"5":2},"b":{"0":[5,1],"1":[1,1],"2":[1,1],"3":[1,1],"4":[1,1],"5":[1,1],"6":[6,1],"7":[1,1]},"_coverageSchema":"1a1c01bbd47fc00a2c39e90264f33305004495a9","hash":"c5d265f9dc3fb922c876d169ea60cb3f05c87f35"}
,"/Users/ulyana/Desktop/projects/otus/swimmer-diary-ula/swimmer-diary/src/pages/workout/index.tsx": {"path":"/Users/ulyana/Desktop/projects/otus/swimmer-diary-ula/swimmer-diary/src/pages/workout/index.tsx","statementMap":{"0":{"start":{"line":8,"column":2},"end":{"line":8,"column":25}},"1":{"start":{"line":12,"column":19},"end":{"line":12,"column":32}},"2":{"start":{"line":13,"column":19},"end":{"line":13,"column":59}},"3":{"start":{"line":13,"column":50},"end":{"line":13,"column":58}},"4":{"start":{"line":14,"column":19},"end":{"line":14,"column":73}},"5":{"start":{"line":14,"column":57},"end":{"line":14,"column":72}},"6":{"start":{"line":17,"column":4},"end":{"line":17,"column":33}},"7":{"start":{"line":20,"column":2},"end":{"line":36,"column":4}},"8":{"start":{"line":30,"column":26},"end":{"line":30,"column":91}},"9":{"start":{"line":30,"column":63},"end":{"line":30,"column":83}},"10":{"start":{"line":32,"column":12},"end":{"line":32,"column":47}},"11":{"start":{"line":40,"column":19},"end":{"line":40,"column":73}},"12":{"start":{"line":40,"column":57},"end":{"line":40,"column":72}},"13":{"start":{"line":41,"column":15},"end":{"line":41,"column":47}},"14":{"start":{"line":41,"column":42},"end":{"line":41,"column":46}},"15":{"start":{"line":43,"column":2},"end":{"line":51,"column":4}},"16":{"start":{"line":46,"column":8},"end":{"line":48,"column":15}},"17":{"start":{"line":55,"column":2},"end":{"line":55,"column":77}}},"fnMap":{"0":{"name":"WorkoutPage","decl":{"start":{"line":7,"column":24},"end":{"line":7,"column":35}},"loc":{"start":{"line":7,"column":38},"end":{"line":9,"column":1}},"line":7},"1":{"name":"WorkoutList","decl":{"start":{"line":11,"column":9},"end":{"line":11,"column":20}},"loc":{"start":{"line":11,"column":23},"end":{"line":37,"column":1}},"line":11},"2":{"name":"(anonymous_2)","decl":{"start":{"line":13,"column":32},"end":{"line":13,"column":33}},"loc":{"start":{"line":13,"column":50},"end":{"line":13,"column":58}},"line":13},"3":{"name":"(anonymous_3)","decl":{"start":{"line":14,"column":32},"end":{"line":14,"column":33}},"loc":{"start":{"line":14,"column":57},"end":{"line":14,"column":72}},"line":14},"4":{"name":"onAddWorkout","decl":{"start":{"line":16,"column":11},"end":{"line":16,"column":23}},"loc":{"start":{"line":16,"column":26},"end":{"line":18,"column":3}},"line":16},"5":{"name":"(anonymous_5)","decl":{"start":{"line":30,"column":18},"end":{"line":30,"column":19}},"loc":{"start":{"line":30,"column":26},"end":{"line":30,"column":91}},"line":30},"6":{"name":"(anonymous_6)","decl":{"start":{"line":30,"column":56},"end":{"line":30,"column":57}},"loc":{"start":{"line":30,"column":63},"end":{"line":30,"column":83}},"line":30},"7":{"name":"(anonymous_7)","decl":{"start":{"line":31,"column":15},"end":{"line":31,"column":16}},"loc":{"start":{"line":32,"column":12},"end":{"line":32,"column":47}},"line":32},"8":{"name":"TagsSelector","decl":{"start":{"line":39,"column":9},"end":{"line":39,"column":21}},"loc":{"start":{"line":39,"column":24},"end":{"line":52,"column":1}},"line":39},"9":{"name":"(anonymous_9)","decl":{"start":{"line":40,"column":32},"end":{"line":40,"column":33}},"loc":{"start":{"line":40,"column":57},"end":{"line":40,"column":72}},"line":40},"10":{"name":"(anonymous_10)","decl":{"start":{"line":41,"column":28},"end":{"line":41,"column":29}},"loc":{"start":{"line":41,"column":42},"end":{"line":41,"column":46}},"line":41},"11":{"name":"(anonymous_11)","decl":{"start":{"line":45,"column":16},"end":{"line":45,"column":17}},"loc":{"start":{"line":46,"column":8},"end":{"line":48,"column":15}},"line":46},"12":{"name":"handleChanged","decl":{"start":{"line":54,"column":9},"end":{"line":54,"column":22}},"loc":{"start":{"line":54,"column":48},"end":{"line":56,"column":1}},"line":54}},"branchMap":{"0":{"loc":{"start":{"line":30,"column":26},"end":{"line":30,"column":91}},"type":"cond-expr","locations":[{"start":{"line":30,"column":44},"end":{"line":30,"column":84}},{"start":{"line":30,"column":87},"end":{"line":30,"column":91}}],"line":30}},"s":{"0":5,"1":6,"2":6,"3":9,"4":6,"5":9,"6":1,"7":6,"8":4,"9":2,"10":4,"11":6,"12":9,"13":6,"14":9,"15":6,"16":10,"17":1},"f":{"0":5,"1":6,"2":9,"3":9,"4":1,"5":4,"6":2,"7":4,"8":6,"9":9,"10":9,"11":10,"12":1},"b":{"0":[2,2]},"_coverageSchema":"1a1c01bbd47fc00a2c39e90264f33305004495a9","hash":"72464f6cf08544900260ae2f0caaa2baae384250"}
,"/Users/ulyana/Desktop/projects/otus/swimmer-diary-ula/swimmer-diary/src/pages/workout-edit/WorkoutEdit.tsx": {"path":"/Users/ulyana/Desktop/projects/otus/swimmer-diary-ula/swimmer-diary/src/pages/workout-edit/WorkoutEdit.tsx","statementMap":{"0":{"start":{"line":12,"column":15},"end":{"line":21,"column":2}},"1":{"start":{"line":26,"column":19},"end":{"line":26,"column":32}},"2":{"start":{"line":27,"column":15},"end":{"line":27,"column":79}},"3":{"start":{"line":27,"column":60},"end":{"line":27,"column":78}},"4":{"start":{"line":28,"column":15},"end":{"line":28,"column":47}},"5":{"start":{"line":28,"column":42},"end":{"line":28,"column":46}},"6":{"start":{"line":30,"column":22},"end":{"line":30,"column":55}},"7":{"start":{"line":31,"column":15},"end":{"line":37,"column":4}},"8":{"start":{"line":40,"column":25},"end":{"line":40,"column":48}},"9":{"start":{"line":41,"column":20},"end":{"line":41,"column":41}},"10":{"start":{"line":42,"column":4},"end":{"line":47,"column":5}},"11":{"start":{"line":43,"column":18},"end":{"line":43,"column":61}},"12":{"start":{"line":43,"column":44},"end":{"line":43,"column":60}},"13":{"start":{"line":44,"column":6},"end":{"line":44,"column":66}},"14":{"start":{"line":46,"column":6},"end":{"line":46,"column":82}},"15":{"start":{"line":48,"column":4},"end":{"line":48,"column":55}},"16":{"start":{"line":49,"column":4},"end":{"line":49,"column":14}},"17":{"start":{"line":53,"column":4},"end":{"line":53,"column":30}},"18":{"start":{"line":57,"column":4},"end":{"line":66,"column":7}},"19":{"start":{"line":70,"column":25},"end":{"line":70,"column":48}},"20":{"start":{"line":71,"column":4},"end":{"line":71,"column":88}},"21":{"start":{"line":71,"column":65},"end":{"line":71,"column":82}},"22":{"start":{"line":72,"column":4},"end":{"line":72,"column":14}},"23":{"start":{"line":76,"column":4},"end":{"line":76,"column":32}},"24":{"start":{"line":79,"column":23},"end":{"line":79,"column":75}},"25":{"start":{"line":81,"column":2},"end":{"line":122,"column":4}},"26":{"start":{"line":94,"column":18},"end":{"line":96,"column":25}},"27":{"start":{"line":135,"column":6},"end":{"line":135,"column":32}},"28":{"start":{"line":136,"column":2},"end":{"line":136,"column":84}},"29":{"start":{"line":143,"column":6},"end":{"line":143,"column":32}},"30":{"start":{"line":144,"column":2},"end":{"line":144,"column":92}}},"fnMap":{"0":{"name":"WorkoutEdit","decl":{"start":{"line":25,"column":24},"end":{"line":25,"column":35}},"loc":{"start":{"line":25,"column":74},"end":{"line":123,"column":1}},"line":25},"1":{"name":"(anonymous_1)","decl":{"start":{"line":27,"column":53},"end":{"line":27,"column":54}},"loc":{"start":{"line":27,"column":60},"end":{"line":27,"column":78}},"line":27},"2":{"name":"(anonymous_2)","decl":{"start":{"line":28,"column":28},"end":{"line":28,"column":29}},"loc":{"start":{"line":28,"column":42},"end":{"line":28,"column":46}},"line":28},"3":{"name":"onSubmit","decl":{"start":{"line":39,"column":11},"end":{"line":39,"column":19}},"loc":{"start":{"line":39,"column":36},"end":{"line":50,"column":3}},"line":39},"4":{"name":"(anonymous_4)","decl":{"start":{"line":43,"column":37},"end":{"line":43,"column":38}},"loc":{"start":{"line":43,"column":44},"end":{"line":43,"column":60}},"line":43},"5":{"name":"onClose","decl":{"start":{"line":52,"column":11},"end":{"line":52,"column":18}},"loc":{"start":{"line":52,"column":21},"end":{"line":54,"column":3}},"line":52},"6":{"name":"onRemoveBefore","decl":{"start":{"line":56,"column":11},"end":{"line":56,"column":25}},"loc":{"start":{"line":56,"column":28},"end":{"line":67,"column":3}},"line":56},"7":{"name":"handleRemove","decl":{"start":{"line":69,"column":11},"end":{"line":69,"column":23}},"loc":{"start":{"line":69,"column":26},"end":{"line":73,"column":3}},"line":69},"8":{"name":"(anonymous_8)","decl":{"start":{"line":71,"column":58},"end":{"line":71,"column":59}},"loc":{"start":{"line":71,"column":65},"end":{"line":71,"column":82}},"line":71},"9":{"name":"onTags","decl":{"start":{"line":75,"column":11},"end":{"line":75,"column":17}},"loc":{"start":{"line":75,"column":34},"end":{"line":77,"column":3}},"line":75},"10":{"name":"(anonymous_10)","decl":{"start":{"line":93,"column":26},"end":{"line":93,"column":27}},"loc":{"start":{"line":94,"column":18},"end":{"line":96,"column":25}},"line":94},"11":{"name":"FieldTextInput","decl":{"start":{"line":131,"column":9},"end":{"line":131,"column":23}},"loc":{"start":{"line":131,"column":34},"end":{"line":137,"column":1}},"line":131},"12":{"name":"FieldTextarea","decl":{"start":{"line":139,"column":9},"end":{"line":139,"column":22}},"loc":{"start":{"line":139,"column":33},"end":{"line":145,"column":1}},"line":139}},"branchMap":{"0":{"loc":{"start":{"line":30,"column":22},"end":{"line":30,"column":55}},"type":"cond-expr","locations":[{"start":{"line":30,"column":29},"end":{"line":30,"column":50}},{"start":{"line":30,"column":53},"end":{"line":30,"column":55}}],"line":30},"1":{"loc":{"start":{"line":42,"column":4},"end":{"line":47,"column":5}},"type":"if","locations":[{"start":{"line":42,"column":4},"end":{"line":47,"column":5}},{"start":{"line":45,"column":11},"end":{"line":47,"column":5}}],"line":42},"2":{"loc":{"start":{"line":79,"column":23},"end":{"line":79,"column":75}},"type":"cond-expr","locations":[{"start":{"line":79,"column":30},"end":{"line":79,"column":51}},{"start":{"line":79,"column":54},"end":{"line":79,"column":75}}],"line":79},"3":{"loc":{"start":{"line":106,"column":15},"end":{"line":110,"column":15}},"type":"binary-expr","locations":[{"start":{"line":106,"column":15},"end":{"line":106,"column":21}},{"start":{"line":107,"column":16},"end":{"line":109,"column":25}}],"line":106}},"s":{"0":3,"1":5,"2":5,"3":4,"4":5,"5":8,"6":5,"7":5,"8":2,"9":2,"10":2,"11":1,"12":1,"13":1,"14":1,"15":2,"16":2,"17":3,"18":1,"19":1,"20":1,"21":1,"22":1,"23":1,"24":5,"25":5,"26":6,"27":5,"28":5,"29":25,"30":25},"f":{"0":5,"1":4,"2":8,"3":2,"4":1,"5":3,"6":1,"7":1,"8":1,"9":1,"10":6,"11":5,"12":25},"b":{"0":[2,3],"1":[1,1],"2":[2,3],"3":[5,2]},"_coverageSchema":"1a1c01bbd47fc00a2c39e90264f33305004495a9","hash":"7f7278a7e13e1d4e4089ecd4c5076b1243c83c03"}
,"/Users/ulyana/Desktop/projects/otus/swimmer-diary-ula/swimmer-diary/src/pages/workout-edit/index.tsx": {"path":"/Users/ulyana/Desktop/projects/otus/swimmer-diary-ula/swimmer-diary/src/pages/workout-edit/index.tsx","statementMap":{"0":{"start":{"line":5,"column":21},"end":{"line":5,"column":32}},"1":{"start":{"line":6,"column":2},"end":{"line":6,"column":51}}},"fnMap":{"0":{"name":"WorkoutEditPage","decl":{"start":{"line":4,"column":16},"end":{"line":4,"column":31}},"loc":{"start":{"line":4,"column":34},"end":{"line":7,"column":1}},"line":4}},"branchMap":{"0":{"loc":{"start":{"line":6,"column":33},"end":{"line":6,"column":46}},"type":"binary-expr","locations":[{"start":{"line":6,"column":33},"end":{"line":6,"column":39}},{"start":{"line":6,"column":43},"end":{"line":6,"column":46}}],"line":6}},"s":{"0":4,"1":4},"f":{"0":4},"b":{"0":[4,1]},"_coverageSchema":"1a1c01bbd47fc00a2c39e90264f33305004495a9","hash":"30d0d71f599f28b34c066e811a0f8fbc928542be"}
}
