TN:
SF:src/App.tsx
FN:15,App
FNF:1
FNH:1
FNDA:1,App
DA:13,1
DA:16,1
LF:2
LH:2
BRF:0
BRH:0
end_of_record
TN:
SF:src/Layout.tsx
FN:6,Layout
FNF:1
FNH:1
FNDA:1,Layout
DA:7,1
LF:1
LH:1
BRF:0
BRH:0
end_of_record
TN:
SF:src/notification.ts
FN:3,notificationError
FN:11,notificationSuccess
FNF:2
FNH:2
FNDA:3,notificationError
FNDA:1,notificationSuccess
DA:4,3
DA:12,1
LF:2
LH:2
BRF:0
BRH:0
end_of_record
TN:
SF:src/router.tsx
FNF:0
FNH:0
DA:12,1
LF:1
LH:1
BRDA:72,0,0,1
BRDA:72,0,1,0
BRF:2
BRH:1
end_of_record
TN:
SF:src/store.ts
FN:7,init
FN:26,(anonymous_1)
FN:39,(anonymous_2)
FN:54,(anonymous_3)
FNF:4
FNH:3
FNDA:14,init
FNDA:7,(anonymous_1)
FNDA:44,(anonymous_2)
FNDA:0,(anonymous_3)
DA:5,7
DA:8,14
DA:22,7
DA:27,7
DA:28,7
DA:29,0
DA:30,0
DA:31,0
DA:33,0
DA:36,7
DA:47,44
DA:48,44
DA:52,44
DA:54,0
LF:14
LH:9
BRDA:28,0,0,0
BRDA:28,0,1,7
BRF:2
BRH:1
end_of_record
TN:
SF:src/utils.ts
FN:15,gotoWorkout
FN:20,gotoSchedule
FN:26,getHandle
FN:30,tagsIdToString
FN:31,(anonymous_4)
FN:32,(anonymous_5)
FN:38,getDayTimeLabel
FNF:7
FNH:7
FNDA:20,gotoWorkout
FNDA:10,gotoSchedule
FNDA:12,getHandle
FNDA:1,tagsIdToString
FNDA:2,(anonymous_4)
FNDA:2,(anonymous_5)
FNDA:59,getDayTimeLabel
DA:3,7
DA:5,7
DA:12,7
DA:13,7
DA:16,20
DA:17,20
DA:21,10
DA:22,10
DA:27,12
DA:31,2
DA:32,1
DA:33,2
DA:34,2
DA:39,59
DA:41,30
DA:43,29
LF:16
LH:16
BRDA:16,0,0,12
BRDA:16,0,1,8
BRDA:21,1,0,5
BRDA:21,1,1,5
BRDA:34,2,0,2
BRDA:34,2,1,0
BRDA:39,3,0,30
BRDA:39,3,1,29
BRF:8
BRH:7
end_of_record
TN:
SF:src/components/Header.tsx
FN:8,Header
FN:13,(anonymous_1)
FN:25,MainLink
FN:43,PagesLinks
FN:49,(anonymous_4)
FNF:5
FNH:5
FNDA:2,Header
FNDA:2,(anonymous_1)
FNDA:2,MainLink
FNDA:2,PagesLinks
FNDA:6,(anonymous_4)
DA:9,2
DA:10,2
DA:11,2
DA:13,2
DA:14,2
DA:17,2
DA:26,2
DA:27,2
DA:44,2
DA:45,2
DA:46,2
DA:50,6
LF:12
LH:12
BRDA:14,0,0,1
BRDA:14,0,1,1
BRDA:50,1,0,1
BRDA:50,1,1,5
BRF:4
BRH:4
end_of_record
TN:
SF:src/pages/MainPage.tsx
FN:20,MainPage
FN:27,(anonymous_1)
FN:38,ViewTags
FN:39,(anonymous_3)
FN:43,(anonymous_4)
FN:50,AddTag
FN:53,handleAdd
FN:57,(anonymous_7)
FN:58,(anonymous_8)
FN:60,(anonymous_9)
FN:75,TagEdit
FN:81,handleEdit
FN:86,(anonymous_12)
FN:88,(anonymous_13)
FN:93,(anonymous_14)
FN:105,(anonymous_15)
FN:106,(anonymous_16)
FN:125,handleTagRemove
FN:129,(anonymous_18)
FN:133,(anonymous_19)
FN:135,(anonymous_20)
FN:139,handleSave
FN:155,handleLoad
FN:156,(anonymous_23)
FN:163,(anonymous_24)
FNF:25
FNH:25
FNDA:3,MainPage
FNDA:3,(anonymous_1)
FNDA:7,ViewTags
FNDA:12,(anonymous_3)
FNDA:7,(anonymous_4)
FNDA:7,AddTag
FNDA:4,handleAdd
FNDA:2,(anonymous_7)
FNDA:1,(anonymous_8)
FNDA:1,(anonymous_9)
FNDA:13,TagEdit
FNDA:5,handleEdit
FNDA:3,(anonymous_12)
FNDA:4,(anonymous_13)
FNDA:1,(anonymous_14)
FNDA:1,(anonymous_15)
FNDA:1,(anonymous_16)
FNDA:1,handleTagRemove
FNDA:2,(anonymous_18)
FNDA:2,(anonymous_19)
FNDA:1,(anonymous_20)
FNDA:1,handleSave
FNDA:4,handleLoad
FNDA:4,(anonymous_23)
FNDA:3,(anonymous_24)
DA:21,3
DA:27,3
DA:39,12
DA:40,7
DA:44,7
DA:51,7
DA:54,4
DA:55,4
DA:56,3
DA:57,3
DA:58,2
DA:59,2
DA:60,2
DA:61,2
DA:62,2
DA:65,7
DA:76,13
DA:77,13
DA:79,13
DA:82,5
DA:83,5
DA:84,3
DA:85,3
DA:86,3
DA:87,3
DA:88,4
DA:89,1
DA:90,1
DA:92,1
DA:93,1
DA:94,1
DA:97,1
DA:105,1
DA:107,1
DA:112,5
DA:115,13
DA:126,1
DA:128,1
DA:129,2
DA:132,1
DA:133,2
DA:135,1
DA:140,1
DA:141,1
DA:142,1
DA:143,1
DA:144,1
DA:146,1
DA:147,1
DA:148,1
DA:149,1
DA:150,1
DA:151,1
DA:152,1
DA:156,4
DA:157,4
DA:158,1
DA:159,1
DA:162,3
DA:163,3
DA:164,3
DA:165,3
DA:166,3
DA:167,2
DA:168,1
DA:169,1
DA:170,1
DA:172,1
DA:173,1
DA:176,1
DA:177,1
DA:180,3
LF:72
LH:72
BRDA:55,0,0,1
BRDA:55,0,1,3
BRDA:57,1,0,1
BRDA:57,1,1,2
BRDA:83,2,0,3
BRDA:83,2,1,2
BRDA:83,3,0,5
BRDA:83,3,1,3
BRDA:87,4,0,2
BRDA:87,4,1,1
BRDA:88,5,0,1
BRDA:88,5,1,1
BRDA:88,6,0,4
BRDA:88,6,1,2
BRDA:157,7,0,1
BRDA:157,7,1,3
BRDA:167,8,0,1
BRDA:167,8,1,1
BRF:18
BRH:18
end_of_record
TN:
SF:src/pages/NotesPage.tsx
FN:10,NotesPage
FN:11,(anonymous_1)
FN:28,ViewNotes
FN:29,(anonymous_3)
FN:54,handlePrev
FN:58,handleNext
FN:62,setNoticeDate
FN:65,(anonymous_7)
FN:74,ViewComments
FN:75,(anonymous_9)
FN:76,(anonymous_10)
FN:76,(anonymous_11)
FN:77,(anonymous_12)
FN:82,(anonymous_13)
FN:91,ViewComment
FN:100,handleComment
FN:104,(anonymous_16)
FNF:17
FNH:17
FNDA:2,NotesPage
FNDA:2,(anonymous_1)
FNDA:5,ViewNotes
FNDA:9,(anonymous_3)
FNDA:2,handlePrev
FNDA:2,handleNext
FNDA:4,setNoticeDate
FNDA:8,(anonymous_7)
FNDA:5,ViewComments
FNDA:8,(anonymous_9)
FNDA:2,(anonymous_10)
FNDA:2,(anonymous_11)
FNDA:8,(anonymous_12)
FNDA:10,(anonymous_13)
FNDA:10,ViewComment
FNDA:1,handleComment
FNDA:1,(anonymous_16)
DA:11,2
DA:12,2
DA:13,2
DA:14,1
DA:15,1
DA:16,1
DA:17,1
DA:18,2
DA:19,1
DA:22,1
DA:25,2
DA:29,9
DA:30,5
DA:31,1
DA:33,4
DA:55,2
DA:59,2
DA:63,4
DA:64,4
DA:65,8
DA:66,4
DA:67,4
DA:68,4
DA:69,2
DA:75,8
DA:76,5
DA:77,8
DA:78,5
DA:83,10
DA:101,1
DA:102,1
DA:103,1
DA:104,1
DA:105,1
DA:106,1
DA:107,1
DA:112,10
LF:37
LH:37
BRDA:13,0,0,1
BRDA:13,0,1,1
BRDA:18,1,0,1
BRDA:18,1,1,1
BRDA:18,2,0,2
BRDA:18,2,1,1
BRDA:30,3,0,1
BRDA:30,3,1,4
BRDA:66,4,0,4
BRDA:66,4,1,0
BRDA:68,5,0,2
BRDA:68,5,1,2
BRDA:80,6,0,5
BRDA:80,6,1,5
BRDA:103,7,0,1
BRDA:103,7,1,0
BRDA:105,8,0,1
BRDA:105,8,1,0
BRF:18
BRH:15
end_of_record
TN:
SF:src/pages/ScheduleEditPage.tsx
FN:20,ScheduleEditPage
FN:33,onSubmit
FN:35,(anonymous_2)
FN:42,(anonymous_3)
FN:48,(anonymous_4)
FN:56,(anonymous_5)
FN:82,SelectWorkout
FN:83,(anonymous_7)
FN:92,(anonymous_8)
FN:95,(anonymous_9)
FN:101,StartFrom
FN:113,(anonymous_11)
FN:120,FieldNumber
FN:132,(anonymous_13)
FN:138,SelectDayTime
FN:143,(anonymous_15)
FNF:16
FNH:16
FNDA:4,ScheduleEditPage
FNDA:4,onSubmit
FNDA:4,(anonymous_2)
FNDA:2,(anonymous_3)
FNDA:1,(anonymous_4)
FNDA:3,(anonymous_5)
FNDA:4,SelectWorkout
FNDA:8,(anonymous_7)
FNDA:4,(anonymous_8)
FNDA:4,(anonymous_9)
FNDA:4,StartFrom
FNDA:1,(anonymous_11)
FNDA:8,FieldNumber
FNDA:2,(anonymous_13)
FNDA:4,SelectDayTime
FNDA:2,(anonymous_15)
DA:10,2
DA:21,4
DA:31,4
DA:34,4
DA:35,4
DA:36,4
DA:37,4
DA:38,4
DA:39,4
DA:40,4
DA:41,4
DA:42,2
DA:43,2
DA:44,1
DA:45,1
DA:47,1
DA:48,1
DA:51,2
DA:53,4
DA:55,4
DA:56,3
DA:58,4
DA:61,4
DA:83,8
DA:87,4
DA:88,4
DA:92,4
DA:95,4
DA:106,4
DA:107,4
DA:113,1
DA:125,8
DA:127,8
DA:132,2
DA:139,4
DA:140,4
DA:144,2
DA:145,2
LF:38
LH:38
BRDA:41,0,0,2
BRDA:41,0,1,2
BRDA:43,1,0,1
BRDA:43,1,1,1
BRF:4
BRH:4
end_of_record
TN:
SF:src/pages/SchedulePage.tsx
FN:21,SchedulePage
FN:22,(anonymous_1)
FN:28,handleAdd
FN:60,(anonymous_3)
FN:72,handleYear
FN:79,handleMonth
FN:92,ViewTable
FN:95,(anonymous_7)
FN:102,getFiltered
FN:104,(anonymous_9)
FN:113,(anonymous_10)
FN:124,(anonymous_11)
FN:130,ViewDay
FN:131,(anonymous_13)
FN:133,handleERemove
FN:140,(anonymous_15)
FN:153,(anonymous_16)
FN:172,ViewWorkout
FNF:18
FNH:18
FNDA:14,SchedulePage
FNDA:22,(anonymous_1)
FNDA:3,handleAdd
FNDA:1,(anonymous_3)
FNDA:3,handleYear
FNDA:4,handleMonth
FNDA:14,ViewTable
FNDA:23,(anonymous_7)
FNDA:14,getFiltered
FNDA:14,(anonymous_9)
FNDA:41,(anonymous_10)
FNDA:3,(anonymous_11)
FNDA:23,ViewDay
FNDA:36,(anonymous_13)
FNDA:2,handleERemove
FNDA:3,(anonymous_15)
FNDA:41,(anonymous_16)
FNDA:41,ViewWorkout
DA:19,3
DA:22,22
DA:26,14
DA:29,3
DA:32,14
DA:61,1
DA:73,3
DA:74,3
DA:75,2
DA:80,4
DA:81,4
DA:82,1
DA:83,3
DA:84,1
DA:85,1
DA:86,2
DA:87,1
DA:88,1
DA:93,14
DA:96,23
DA:103,14
DA:104,14
DA:105,14
DA:106,14
DA:107,14
DA:108,434
DA:109,434
DA:110,434
DA:111,22
DA:113,41
DA:119,22
DA:122,14
DA:123,1
DA:124,3
DA:127,14
DA:131,36
DA:134,2
DA:135,2
DA:136,2
DA:137,2
DA:138,2
DA:139,2
DA:140,3
DA:141,2
DA:142,1
DA:144,2
DA:149,23
DA:154,41
DA:173,41
DA:174,41
DA:175,41
DA:176,1
DA:193,40
LF:53
LH:53
BRDA:74,0,0,2
BRDA:74,0,1,1
BRDA:74,1,0,3
BRDA:74,1,1,2
BRDA:81,2,0,1
BRDA:81,2,1,3
BRDA:81,3,0,4
BRDA:81,3,1,2
BRDA:83,4,0,1
BRDA:83,4,1,2
BRDA:86,5,0,1
BRDA:86,5,1,1
BRDA:110,6,0,22
BRDA:110,6,1,412
BRDA:119,7,0,8
BRDA:119,7,1,14
BRDA:122,8,0,1
BRDA:122,8,1,13
BRDA:122,9,0,14
BRDA:122,9,1,6
BRDA:122,9,2,1
BRDA:135,10,0,2
BRDA:135,10,1,0
BRDA:139,11,0,2
BRDA:139,11,1,0
BRDA:141,12,0,1
BRDA:141,12,1,1
BRDA:150,13,0,9
BRDA:150,13,1,14
BRDA:155,14,0,21
BRDA:155,14,1,20
BRDA:175,15,0,1
BRDA:175,15,1,40
BRF:33
BRH:31
end_of_record
TN:
SF:src/pages/workout/WorkoutView.tsx
FN:10,WorkoutView
FN:12,(anonymous_1)
FN:40,(anonymous_2)
FN:57,WorkoutTitle
FN:62,(anonymous_4)
FN:72,handleOpen
FNF:6
FNH:6
FNDA:6,WorkoutView
FNDA:9,(anonymous_1)
FNDA:2,(anonymous_2)
FNDA:6,WorkoutTitle
FNDA:2,(anonymous_4)
FNDA:2,handleOpen
DA:11,6
DA:12,9
DA:13,6
DA:14,5
DA:16,1
DA:41,2
DA:58,6
DA:62,2
DA:73,2
DA:74,2
LF:10
LH:10
BRDA:13,0,0,5
BRDA:13,0,1,1
BRDA:20,1,0,1
BRDA:20,1,1,1
BRDA:28,2,0,1
BRDA:28,2,1,1
BRDA:33,3,0,1
BRDA:33,3,1,1
BRDA:38,4,0,1
BRDA:38,4,1,1
BRDA:47,5,0,1
BRDA:47,5,1,1
BRDA:61,6,0,6
BRDA:61,6,1,1
BRDA:74,7,0,1
BRDA:74,7,1,1
BRF:16
BRH:16
end_of_record
TN:
SF:src/pages/workout/index.tsx
FN:7,WorkoutPage
FN:11,WorkoutList
FN:13,(anonymous_2)
FN:14,(anonymous_3)
FN:16,onAddWorkout
FN:30,(anonymous_5)
FN:30,(anonymous_6)
FN:31,(anonymous_7)
FN:39,TagsSelector
FN:40,(anonymous_9)
FN:41,(anonymous_10)
FN:45,(anonymous_11)
FN:54,handleChanged
FNF:13
FNH:13
FNDA:5,WorkoutPage
FNDA:6,WorkoutList
FNDA:9,(anonymous_2)
FNDA:9,(anonymous_3)
FNDA:1,onAddWorkout
FNDA:4,(anonymous_5)
FNDA:2,(anonymous_6)
FNDA:4,(anonymous_7)
FNDA:6,TagsSelector
FNDA:9,(anonymous_9)
FNDA:9,(anonymous_10)
FNDA:10,(anonymous_11)
FNDA:1,handleChanged
DA:8,5
DA:12,6
DA:13,9
DA:14,9
DA:17,1
DA:20,6
DA:30,4
DA:32,4
DA:40,9
DA:41,9
DA:43,6
DA:46,10
DA:55,1
LF:13
LH:13
BRDA:30,0,0,2
BRDA:30,0,1,2
BRF:2
BRH:2
end_of_record
TN:
SF:src/pages/workout-edit/WorkoutEdit.tsx
FN:25,WorkoutEdit
FN:27,(anonymous_1)
FN:28,(anonymous_2)
FN:39,onSubmit
FN:43,(anonymous_4)
FN:52,onClose
FN:56,onRemoveBefore
FN:69,handleRemove
FN:71,(anonymous_8)
FN:75,onTags
FN:93,(anonymous_10)
FN:131,FieldTextInput
FN:139,FieldTextarea
FNF:13
FNH:13
FNDA:5,WorkoutEdit
FNDA:4,(anonymous_1)
FNDA:8,(anonymous_2)
FNDA:2,onSubmit
FNDA:1,(anonymous_4)
FNDA:3,onClose
FNDA:1,onRemoveBefore
FNDA:1,handleRemove
FNDA:1,(anonymous_8)
FNDA:1,onTags
FNDA:6,(anonymous_10)
FNDA:5,FieldTextInput
FNDA:25,FieldTextarea
DA:12,3
DA:26,5
DA:27,5
DA:28,8
DA:30,5
DA:31,5
DA:40,2
DA:41,2
DA:42,2
DA:43,1
DA:44,1
DA:46,1
DA:48,2
DA:49,2
DA:53,3
DA:57,1
DA:70,1
DA:71,1
DA:72,1
DA:76,1
DA:79,5
DA:81,5
DA:94,6
DA:135,5
DA:136,5
DA:143,25
DA:144,25
LF:27
LH:27
BRDA:30,0,0,2
BRDA:30,0,1,3
BRDA:42,1,0,1
BRDA:42,1,1,1
BRDA:79,2,0,2
BRDA:79,2,1,3
BRDA:106,3,0,5
BRDA:106,3,1,2
BRF:8
BRH:8
end_of_record
TN:
SF:src/pages/workout-edit/index.tsx
FN:4,WorkoutEditPage
FNF:1
FNH:1
FNDA:4,WorkoutEditPage
DA:5,4
DA:6,4
LF:2
LH:2
BRDA:6,0,0,4
BRDA:6,0,1,1
BRF:2
BRH:2
end_of_record
